[0.096s] Invoking command in '/home/aashini/quadra/build/unitree': AMENT_PREFIX_PATH=/home/aashini/quadra/install/gazebo_ros2_control:${AMENT_PREFIX_PATH} CMAKE_PREFIX_PATH=/home/aashini/quadra/install/gazebo_ros2_control:/home/aashini/aash/install:/opt/ros/humble LD_LIBRARY_PATH=/home/aashini/quadra/install/gazebo_ros2_control/lib:${LD_LIBRARY_PATH} /usr/bin/cmake --build /home/aashini/quadra/build/unitree -- -j16 -l16
[0.144s] Invoked command in '/home/aashini/quadra/build/unitree' returned '0': AMENT_PREFIX_PATH=/home/aashini/quadra/install/gazebo_ros2_control:${AMENT_PREFIX_PATH} CMAKE_PREFIX_PATH=/home/aashini/quadra/install/gazebo_ros2_control:/home/aashini/aash/install:/opt/ros/humble LD_LIBRARY_PATH=/home/aashini/quadra/install/gazebo_ros2_control/lib:${LD_LIBRARY_PATH} /usr/bin/cmake --build /home/aashini/quadra/build/unitree -- -j16 -l16
[0.146s] Invoking command in '/home/aashini/quadra/build/unitree': AMENT_PREFIX_PATH=/home/aashini/quadra/install/gazebo_ros2_control:${AMENT_PREFIX_PATH} CMAKE_PREFIX_PATH=/home/aashini/quadra/install/gazebo_ros2_control:/home/aashini/aash/install:/opt/ros/humble LD_LIBRARY_PATH=/home/aashini/quadra/install/gazebo_ros2_control/lib:${LD_LIBRARY_PATH} /usr/bin/cmake --install /home/aashini/quadra/build/unitree
[0.151s] -- Install configuration: ""
[0.151s] -- Up-to-date: /home/aashini/quadra/install/unitree/lib/unitree/teleop.py
[0.151s] -- Up-to-date: /home/aashini/quadra/install/unitree/lib/unitree/joint_control_gui.py
[0.151s] -- Up-to-date: /home/aashini/quadra/install/unitree/share/unitree/launch
[0.151s] -- Up-to-date: /home/aashini/quadra/install/unitree/share/unitree/launch/go2_urdflaunch.py
[0.151s] -- Up-to-date: /home/aashini/quadra/install/unitree/share/unitree/urdf
[0.152s] -- Up-to-date: /home/aashini/quadra/install/unitree/share/unitree/urdf/go2_urdf.urdf
[0.152s] -- Up-to-date: /home/aashini/quadra/install/unitree/share/unitree/config
[0.152s] -- Up-to-date: /home/aashini/quadra/install/unitree/share/unitree/config/controllers.yaml
[0.152s] -- Up-to-date: /home/aashini/quadra/install/unitree/share/unitree/mesh
[0.152s] -- Up-to-date: /home/aashini/quadra/install/unitree/share/unitree/mesh/thigh.dae
[0.152s] -- Up-to-date: /home/aashini/quadra/install/unitree/share/unitree/mesh/calf_mirror.dae
[0.152s] -- Up-to-date: /home/aashini/quadra/install/unitree/share/unitree/mesh/base.dae
[0.152s] -- Up-to-date: /home/aashini/quadra/install/unitree/share/unitree/mesh/thigh_mirror.dae
[0.153s] -- Up-to-date: /home/aashini/quadra/install/unitree/share/unitree/mesh/hip.dae
[0.154s] -- Up-to-date: /home/aashini/quadra/install/unitree/share/unitree/mesh/calf.dae
[0.154s] -- Up-to-date: /home/aashini/quadra/install/unitree/share/unitree/mesh/foot.dae
[0.154s] -- Up-to-date: /home/aashini/quadra/install/unitree/share/unitree/worlds
[0.154s] -- Up-to-date: /home/aashini/quadra/install/unitree/share/unitree/worlds/empty.world
[0.155s] -- Up-to-date: /home/aashini/quadra/install/unitree/share/unitree/urdf
[0.155s] -- Up-to-date: /home/aashini/quadra/install/unitree/share/ament_index/resource_index/package_run_dependencies/unitree
[0.155s] -- Up-to-date: /home/aashini/quadra/install/unitree/share/ament_index/resource_index/parent_prefix_path/unitree
[0.155s] -- Up-to-date: /home/aashini/quadra/install/unitree/share/unitree/environment/ament_prefix_path.sh
[0.155s] -- Up-to-date: /home/aashini/quadra/install/unitree/share/unitree/environment/ament_prefix_path.dsv
[0.155s] -- Up-to-date: /home/aashini/quadra/install/unitree/share/unitree/environment/path.sh
[0.155s] -- Up-to-date: /home/aashini/quadra/install/unitree/share/unitree/environment/path.dsv
[0.155s] -- Up-to-date: /home/aashini/quadra/install/unitree/share/unitree/local_setup.bash
[0.155s] -- Up-to-date: /home/aashini/quadra/install/unitree/share/unitree/local_setup.sh
[0.155s] -- Up-to-date: /home/aashini/quadra/install/unitree/share/unitree/local_setup.zsh
[0.156s] -- Up-to-date: /home/aashini/quadra/install/unitree/share/unitree/local_setup.dsv
[0.156s] -- Installing: /home/aashini/quadra/install/unitree/share/unitree/package.dsv
[0.156s] -- Up-to-date: /home/aashini/quadra/install/unitree/share/ament_index/resource_index/packages/unitree
[0.156s] -- Up-to-date: /home/aashini/quadra/install/unitree/share/unitree/cmake/unitreeConfig.cmake
[0.156s] -- Up-to-date: /home/aashini/quadra/install/unitree/share/unitree/cmake/unitreeConfig-version.cmake
[0.156s] -- Up-to-date: /home/aashini/quadra/install/unitree/share/unitree/package.xml
[0.156s] Invoked command in '/home/aashini/quadra/build/unitree' returned '0': AMENT_PREFIX_PATH=/home/aashini/quadra/install/gazebo_ros2_control:${AMENT_PREFIX_PATH} CMAKE_PREFIX_PATH=/home/aashini/quadra/install/gazebo_ros2_control:/home/aashini/aash/install:/opt/ros/humble LD_LIBRARY_PATH=/home/aashini/quadra/install/gazebo_ros2_control/lib:${LD_LIBRARY_PATH} /usr/bin/cmake --install /home/aashini/quadra/build/unitree
