[0.015s] Invoking command in '/home/aashini/quadra/build/unitree': CMAKE_PREFIX_PATH=${CMAKE_PREFIX_PATH}:/opt/ros/humble /usr/bin/cmake --build /home/aashini/quadra/build/unitree -- -j16 -l16
[0.031s] -- Found ament_cmake: 1.3.11 (/opt/ros/humble/share/ament_cmake/cmake)
[0.124s] -- Found gazebo_ros: 3.9.0 (/opt/ros/humble/share/gazebo_ros/cmake)
[0.355s] -- Found rosidl_generator_c: 3.1.6 (/opt/ros/humble/share/rosidl_generator_c/cmake)
[0.356s] -- Found rosidl_adapter: 3.1.6 (/opt/ros/humble/share/rosidl_adapter/cmake)
[0.361s] -- Found rosidl_generator_cpp: 3.1.6 (/opt/ros/humble/share/rosidl_generator_cpp/cmake)
[0.368s] -- Using all available rosidl_typesupport_c: rosidl_typesupport_fastrtps_c;rosidl_typesupport_introspection_c
[0.380s] -- Using all available rosidl_typesupport_cpp: rosidl_typesupport_fastrtps_cpp;rosidl_typesupport_introspection_cpp
[0.403s] -- Found rmw_implementation_cmake: 6.1.2 (/opt/ros/humble/share/rmw_implementation_cmake/cmake)
[0.406s] -- Found rmw_fastrtps_cpp: 6.2.7 (/opt/ros/humble/share/rmw_fastrtps_cpp/cmake)
[11.117s] -- Using RMW implementation 'rmw_fastrtps_cpp' as default
[11.175s] -- Found DART: /usr/include (Required is at least version "6.6") found components: dart 
[11.201s] -- Looking for ignition-math6 -- found version 6.15.1
[11.204s] -- Searching for dependencies of ignition-math6
[11.205s] -- Looking for OGRE...
[11.210s] -- Found Ogre Ghadamon (1.9.0)
[11.210s] -- Found OGRE: optimized;/usr/lib/x86_64-linux-gnu/libOgreMain.so;debug;/usr/lib/x86_64-linux-gnu/libOgreMain.so
[11.220s] -- Looking for OGRE_Paging...
[11.220s] -- Found OGRE_Paging: optimized;/usr/lib/x86_64-linux-gnu/libOgrePaging.so;debug;/usr/lib/x86_64-linux-gnu/libOgrePaging.so
[11.220s] -- Looking for OGRE_Terrain...
[11.221s] -- Found OGRE_Terrain: optimized;/usr/lib/x86_64-linux-gnu/libOgreTerrain.so;debug;/usr/lib/x86_64-linux-gnu/libOgreTerrain.so
[11.221s] -- Looking for OGRE_Property...
[11.221s] -- Found OGRE_Property: optimized;/usr/lib/x86_64-linux-gnu/libOgreProperty.so;debug;/usr/lib/x86_64-linux-gnu/libOgreProperty.so
[11.221s] -- Looking for OGRE_RTShaderSystem...
[11.221s] -- Found OGRE_RTShaderSystem: optimized;/usr/lib/x86_64-linux-gnu/libOgreRTShaderSystem.so;debug;/usr/lib/x86_64-linux-gnu/libOgreRTShaderSystem.so
[11.221s] -- Looking for OGRE_Volume...
[11.221s] -- Found OGRE_Volume: optimized;/usr/lib/x86_64-linux-gnu/libOgreVolume.so;debug;/usr/lib/x86_64-linux-gnu/libOgreVolume.so
[11.221s] -- Looking for OGRE_Overlay...
[11.221s] -- Found OGRE_Overlay: optimized;/usr/lib/x86_64-linux-gnu/libOgreOverlay.so;debug;/usr/lib/x86_64-linux-gnu/libOgreOverlay.so
[71.929s] -- Looking for ignition-math6 -- found version 6.15.1
[71.930s] -- Looking for ignition-transport8 -- found version 8.2.1
[71.931s] -- Searching for dependencies of ignition-transport8
[73.342s] -- Checking for module 'uuid'
[73.355s] --   Found uuid, version 2.37.2
[73.388s] -- Looking for ignition-msgs5 -- found version 5.8.1
[73.388s] -- Searching for dependencies of ignition-msgs5
[73.510s] -- Looking for ignition-math6 -- found version 6.15.1
[73.517s] -- Checking for module 'tinyxml2'
[73.529s] --   Found tinyxml2, version 9.0.0
[73.561s] -- Looking for ignition-msgs5 -- found version 5.8.1
[73.562s] -- Looking for ignition-common3 -- found version 3.14.0
[73.562s] -- Searching for dependencies of ignition-common3
[73.562s] -- Looking for dlfcn.h - found
[73.562s] -- Looking for libdl - found
[73.831s] -- Searching for <ignition-common3> component [graphics]
[73.831s] -- Looking for ignition-common3-graphics -- found version 3.14.0
[73.831s] -- Searching for dependencies of ignition-common3-graphics
[73.832s] -- Looking for ignition-math6 -- found version 6.15.1
[73.833s] -- Looking for ignition-fuel_tools4 -- found version 4.4.0
[73.834s] -- Searching for dependencies of ignition-fuel_tools4
[79.834s] -- Checking for module 'jsoncpp'
[79.846s] --   Found jsoncpp, version 1.9.5
[79.877s] -- Checking for module 'libzip'
[79.891s] --   Found libzip, version 1.7.3
[79.925s] -- Looking for ignition-common3 -- found version 3.14.0
[79.926s] -- Looking for ignition-math6 -- found version 6.15.1
[79.926s] -- Looking for ignition-msgs5 -- found version 5.8.1
[79.927s] -- Gazebo version: 11.10
[83.802s] [31mCMake Error at CMakeLists.txt:7 (find_package):
[83.802s]   By not providing "Findjoint_state_publisher.cmake" in CMAKE_MODULE_PATH
[83.802s]   this project has asked CMake to find a package configuration file provided
[83.803s]   by "joint_state_publisher", but CMake did not find one.
[83.803s] 
[83.803s]   Could not find a package configuration file provided by
[83.803s]   "joint_state_publisher" with any of the following names:
[83.803s] 
[83.803s]     joint_state_publisherConfig.cmake
[83.803s]     joint_state_publisher-config.cmake
[83.804s] 
[83.804s]   Add the installation prefix of "joint_state_publisher" to CMAKE_PREFIX_PATH
[83.804s]   or set "joint_state_publisher_DIR" to a directory containing one of the
[83.804s]   above files.  If "joint_state_publisher" provides a separate development
[83.804s]   package or SDK, be sure it has been installed.
[83.804s] 
[83.804s] [0m
[83.804s] -- Configuring incomplete, errors occurred!
[83.804s] See also "/home/aashini/quadra/build/unitree/CMakeFiles/CMakeOutput.log".
[83.822s] gmake: *** [Makefile:226: cmake_check_build_system] Error 1
[83.829s] Invoked command in '/home/aashini/quadra/build/unitree' returned '2': CMAKE_PREFIX_PATH=${CMAKE_PREFIX_PATH}:/opt/ros/humble /usr/bin/cmake --build /home/aashini/quadra/build/unitree -- -j16 -l16
