-- Install configuration: ""
-- Up-to-date: /home/aashini/quadra/install/unitree/share/unitree/urdf
-- Up-to-date: /home/aashini/quadra/install/unitree/share/unitree/urdf/go2_urdf.urdf
-- Up-to-date: /home/aashini/quadra/install/unitree/share/unitree/mesh
-- Up-to-date: /home/aashini/quadra/install/unitree/share/unitree/mesh/thigh.dae
-- Up-to-date: /home/aashini/quadra/install/unitree/share/unitree/mesh/calf_mirror.dae
-- Up-to-date: /home/aashini/quadra/install/unitree/share/unitree/mesh/base.dae
-- Up-to-date: /home/aashini/quadra/install/unitree/share/unitree/mesh/thigh_mirror.dae
-- Up-to-date: /home/aashini/quadra/install/unitree/share/unitree/mesh/hip.dae
-- Up-to-date: /home/aashini/quadra/install/unitree/share/unitree/mesh/calf.dae
-- Up-to-date: /home/aashini/quadra/install/unitree/share/unitree/mesh/foot.dae
-- Up-to-date: /home/aashini/quadra/install/unitree/share/unitree/worlds
-- Up-to-date: /home/aashini/quadra/install/unitree/share/unitree/worlds/empty.world
-- Up-to-date: /home/aashini/quadra/install/unitree/share/unitree/launch
-- Installing: /home/aashini/quadra/install/unitree/share/unitree/launch/go2_urdflaunch.py
-- Up-to-date: /home/aashini/quadra/install/unitree/share/ament_index/resource_index/package_run_dependencies/unitree
-- Up-to-date: /home/aashini/quadra/install/unitree/share/ament_index/resource_index/parent_prefix_path/unitree
-- Up-to-date: /home/aashini/quadra/install/unitree/share/unitree/environment/ament_prefix_path.sh
-- Up-to-date: /home/aashini/quadra/install/unitree/share/unitree/environment/ament_prefix_path.dsv
-- Up-to-date: /home/aashini/quadra/install/unitree/share/unitree/environment/path.sh
-- Up-to-date: /home/aashini/quadra/install/unitree/share/unitree/environment/path.dsv
-- Up-to-date: /home/aashini/quadra/install/unitree/share/unitree/local_setup.bash
-- Up-to-date: /home/aashini/quadra/install/unitree/share/unitree/local_setup.sh
-- Up-to-date: /home/aashini/quadra/install/unitree/share/unitree/local_setup.zsh
-- Up-to-date: /home/aashini/quadra/install/unitree/share/unitree/local_setup.dsv
-- Installing: /home/aashini/quadra/install/unitree/share/unitree/package.dsv
-- Up-to-date: /home/aashini/quadra/install/unitree/share/ament_index/resource_index/packages/unitree
-- Up-to-date: /home/aashini/quadra/install/unitree/share/unitree/cmake/unitreeConfig.cmake
-- Up-to-date: /home/aashini/quadra/install/unitree/share/unitree/cmake/unitreeConfig-version.cmake
-- Up-to-date: /home/aashini/quadra/install/unitree/share/unitree/package.xml
