[0.021s] Invoking command in '/home/aashini/quadra/build/unitree': CMAKE_PREFIX_PATH=${CMAKE_PREFIX_PATH}:/opt/ros/humble /usr/bin/cmake --build /home/aashini/quadra/build/unitree -- -j16 -l16
[0.097s] -- Found ament_cmake: 1.3.11 (/opt/ros/humble/share/ament_cmake/cmake)
[0.263s] -- Found gazebo_ros: 3.9.0 (/opt/ros/humble/share/gazebo_ros/cmake)
[0.907s] -- Found rosidl_generator_c: 3.1.6 (/opt/ros/humble/share/rosidl_generator_c/cmake)
[0.923s] -- Found rosidl_adapter: 3.1.6 (/opt/ros/humble/share/rosidl_adapter/cmake)
[0.944s] -- Found rosidl_generator_cpp: 3.1.6 (/opt/ros/humble/share/rosidl_generator_cpp/cmake)
[0.980s] -- Using all available rosidl_typesupport_c: rosidl_typesupport_fastrtps_c;rosidl_typesupport_introspection_c
[1.014s] -- Using all available rosidl_typesupport_cpp: rosidl_typesupport_fastrtps_cpp;rosidl_typesupport_introspection_cpp
[1.117s] -- Found rmw_implementation_cmake: 6.1.2 (/opt/ros/humble/share/rmw_implementation_cmake/cmake)
[1.128s] -- Found rmw_fastrtps_cpp: 6.2.7 (/opt/ros/humble/share/rmw_fastrtps_cpp/cmake)
[4.031s] -- Found OpenSSL: /usr/lib/x86_64-linux-gnu/libcrypto.so (found version "3.0.2")  
[7.971s] -- Found FastRTPS: /opt/ros/humble/include  
[17.966s] -- Using RMW implementation 'rmw_fastrtps_cpp' as default
[17.992s] -- Looking for pthread.h
[18.589s] -- Looking for pthread.h - found
[18.590s] -- Performing Test CMAKE_HAVE_LIBC_PTHREAD
[19.127s] -- Performing Test CMAKE_HAVE_LIBC_PTHREAD - Success
[19.131s] -- Found Threads: TRUE  
[19.278s] -- Found PkgConfig: /usr/bin/pkg-config (found version "0.29.2") 
[19.280s] -- Checking for module 'bullet>=2.82'
[19.293s] --   Found bullet, version 3.05
[19.541s] -- Found fcl: /usr/include (found suitable version "0.7.0", minimum required is "0.5.0") 
[19.608s] -- Found assimp: /usr/include (found version "5.2.0") 
[19.670s] -- Found DART: /usr/include (Required is at least version "6.6") found components: dart 
[19.722s] -- Found Boost: /usr/lib/x86_64-linux-gnu/cmake/Boost-1.74.0/BoostConfig.cmake (found suitable version "1.74.0", minimum required is "1.40.0") found components: thread system filesystem program_options regex iostreams date_time 
[20.724s] -- Found Protobuf: /usr/lib/x86_64-linux-gnu/libprotobuf.so (found version "3.12.4") 
[20.735s] -- Looking for ignition-math6 -- found version 6.15.1
[20.753s] -- Searching for dependencies of ignition-math6
[20.760s] -- Looking for OGRE...
[20.760s] -- OGRE_PREFIX_WATCH changed.
[20.767s] -- Checking for module 'OGRE'
[20.782s] --   Found OGRE, version 1.9.0
[20.820s] -- Found Ogre Ghadamon (1.9.0)
[22.134s] -- Found OGRE: optimized;/usr/lib/x86_64-linux-gnu/libOgreMain.so;debug;/usr/lib/x86_64-linux-gnu/libOgreMain.so
[22.142s] -- Looking for OGRE_Paging...
[24.039s] -- Found OGRE_Paging: optimized;/usr/lib/x86_64-linux-gnu/libOgrePaging.so;debug;/usr/lib/x86_64-linux-gnu/libOgrePaging.so
[24.039s] -- Looking for OGRE_Terrain...
[24.966s] -- Found OGRE_Terrain: optimized;/usr/lib/x86_64-linux-gnu/libOgreTerrain.so;debug;/usr/lib/x86_64-linux-gnu/libOgreTerrain.so
[24.966s] -- Looking for OGRE_Property...
[25.890s] -- Found OGRE_Property: optimized;/usr/lib/x86_64-linux-gnu/libOgreProperty.so;debug;/usr/lib/x86_64-linux-gnu/libOgreProperty.so
[25.890s] -- Looking for OGRE_RTShaderSystem...
[27.463s] -- Found OGRE_RTShaderSystem: optimized;/usr/lib/x86_64-linux-gnu/libOgreRTShaderSystem.so;debug;/usr/lib/x86_64-linux-gnu/libOgreRTShaderSystem.so
[27.463s] -- Looking for OGRE_Volume...
[29.726s] -- Found OGRE_Volume: optimized;/usr/lib/x86_64-linux-gnu/libOgreVolume.so;debug;/usr/lib/x86_64-linux-gnu/libOgreVolume.so
[29.726s] -- Looking for OGRE_Overlay...
[31.144s] -- Found OGRE_Overlay: optimized;/usr/lib/x86_64-linux-gnu/libOgreOverlay.so;debug;/usr/lib/x86_64-linux-gnu/libOgreOverlay.so
[104.284s] -- Looking for ignition-math6 -- found version 6.15.1
[104.289s] -- Looking for ignition-transport8 -- found version 8.2.1
[104.289s] -- Searching for dependencies of ignition-transport8
[112.575s] -- Found ZLIB: /usr/lib/x86_64-linux-gnu/libz.so (found version "1.2.11") 
[116.866s] -- Checking for module 'uuid'
[116.880s] --   Found uuid, version 2.37.2
[116.912s] -- Found UUID: TRUE  
[116.917s] -- Looking for ignition-msgs5 -- found version 5.8.1
[116.917s] -- Searching for dependencies of ignition-msgs5
[117.183s] -- Looking for ignition-math6 -- found version 6.15.1
[117.197s] -- Checking for module 'tinyxml2'
[117.211s] --   Found tinyxml2, version 9.0.0
[117.249s] -- Looking for ignition-msgs5 -- found version 5.8.1
[117.259s] -- Looking for ignition-common3 -- found version 3.14.0
[117.259s] -- Searching for dependencies of ignition-common3
[117.513s] -- Looking for dlfcn.h - found
[117.700s] -- Looking for libdl - found
[117.701s] -- Found DL: TRUE  
[117.942s] -- Found tinyobjloader: /usr/lib/x86_64-linux-gnu/cmake/tinyobjloader/tinyobjloader-config.cmake (found version "2.0.0") 
[117.943s] -- Searching for <ignition-common3> component [graphics]
[117.945s] -- Looking for ignition-common3-graphics -- found version 3.14.0
[117.946s] -- Searching for dependencies of ignition-common3-graphics
[117.946s] -- Looking for ignition-math6 -- found version 6.15.1
[117.950s] -- Looking for ignition-fuel_tools4 -- found version 4.4.0
[117.951s] -- Searching for dependencies of ignition-fuel_tools4
[123.664s] -- Found CURL: /usr/lib/x86_64-linux-gnu/libcurl.so (found version "7.81.0")  
[123.686s] -- Checking for module 'jsoncpp'
[123.701s] --   Found jsoncpp, version 1.9.5
[123.730s] -- Found JSONCPP: TRUE  
[123.735s] -- Checking for module 'libzip'
[123.751s] --   Found libzip, version 1.7.3
[123.786s] -- Found ZIP: TRUE  
[123.786s] -- Looking for ignition-common3 -- found version 3.14.0
[123.787s] -- Looking for ignition-math6 -- found version 6.15.1
[123.787s] -- Looking for ignition-msgs5 -- found version 5.8.1
[123.797s] -- Gazebo version: 11.10
[123.797s] -- Checking for module 'tbb'
[123.810s] --   Found tbb, version 2021.5.0
[127.602s] [31mCMake Error at CMakeLists.txt:7 (find_package):
[127.602s]   By not providing "Findjoint_state_publisher.cmake" in CMAKE_MODULE_PATH
[127.602s]   this project has asked CMake to find a package configuration file provided
[127.602s]   by "joint_state_publisher", but CMake did not find one.
[127.602s] 
[127.603s]   Could not find a package configuration file provided by
[127.603s]   "joint_state_publisher" with any of the following names:
[127.603s] 
[127.603s]     joint_state_publisherConfig.cmake
[127.603s]     joint_state_publisher-config.cmake
[127.603s] 
[127.603s]   Add the installation prefix of "joint_state_publisher" to CMAKE_PREFIX_PATH
[127.603s]   or set "joint_state_publisher_DIR" to a directory containing one of the
[127.603s]   above files.  If "joint_state_publisher" provides a separate development
[127.603s]   package or SDK, be sure it has been installed.
[127.603s] 
[127.603s] [0m
[127.603s] -- Configuring incomplete, errors occurred!
[127.603s] See also "/home/aashini/quadra/build/unitree/CMakeFiles/CMakeOutput.log".
[127.621s] gmake: *** [Makefile:226: cmake_check_build_system] Error 1
[127.626s] Invoked command in '/home/aashini/quadra/build/unitree' returned '2': CMAKE_PREFIX_PATH=${CMAKE_PREFIX_PATH}:/opt/ros/humble /usr/bin/cmake --build /home/aashini/quadra/build/unitree -- -j16 -l16
