[0.017s] Invoking command in '/home/aashini/quadra/build/unitree': CMAKE_PREFIX_PATH=${CMAKE_PREFIX_PATH}:/opt/ros/humble /usr/bin/cmake --build /home/aashini/quadra/build/unitree -- -j16 -l16
[0.039s] -- Found ament_cmake: 1.3.11 (/opt/ros/humble/share/ament_cmake/cmake)
[0.150s] -- Found gazebo_ros: 3.9.0 (/opt/ros/humble/share/gazebo_ros/cmake)
[0.354s] -- Found rosidl_generator_c: 3.1.6 (/opt/ros/humble/share/rosidl_generator_c/cmake)
[0.356s] -- Found rosidl_adapter: 3.1.6 (/opt/ros/humble/share/rosidl_adapter/cmake)
[0.362s] -- Found rosidl_generator_cpp: 3.1.6 (/opt/ros/humble/share/rosidl_generator_cpp/cmake)
[0.371s] -- Using all available rosidl_typesupport_c: rosidl_typesupport_fastrtps_c;rosidl_typesupport_introspection_c
[0.384s] -- Using all available rosidl_typesupport_cpp: rosidl_typesupport_fastrtps_cpp;rosidl_typesupport_introspection_cpp
[0.413s] -- Found rmw_implementation_cmake: 6.1.2 (/opt/ros/humble/share/rmw_implementation_cmake/cmake)
[0.415s] -- Found rmw_fastrtps_cpp: 6.2.7 (/opt/ros/humble/share/rmw_fastrtps_cpp/cmake)
[9.350s] -- Using RMW implementation 'rmw_fastrtps_cpp' as default
[9.418s] -- Found DART: /usr/include (Required is at least version "6.6") found components: dart 
[9.445s] -- Looking for ignition-math6 -- found version 6.15.1
[9.449s] -- Searching for dependencies of ignition-math6
[9.450s] -- Looking for OGRE...
[9.454s] -- Found Ogre Ghadamon (1.9.0)
[9.454s] -- Found OGRE: optimized;/usr/lib/x86_64-linux-gnu/libOgreMain.so;debug;/usr/lib/x86_64-linux-gnu/libOgreMain.so
[9.465s] -- Looking for OGRE_Paging...
[9.466s] -- Found OGRE_Paging: optimized;/usr/lib/x86_64-linux-gnu/libOgrePaging.so;debug;/usr/lib/x86_64-linux-gnu/libOgrePaging.so
[9.466s] -- Looking for OGRE_Terrain...
[9.466s] -- Found OGRE_Terrain: optimized;/usr/lib/x86_64-linux-gnu/libOgreTerrain.so;debug;/usr/lib/x86_64-linux-gnu/libOgreTerrain.so
[9.466s] -- Looking for OGRE_Property...
[9.466s] -- Found OGRE_Property: optimized;/usr/lib/x86_64-linux-gnu/libOgreProperty.so;debug;/usr/lib/x86_64-linux-gnu/libOgreProperty.so
[9.466s] -- Looking for OGRE_RTShaderSystem...
[9.466s] -- Found OGRE_RTShaderSystem: optimized;/usr/lib/x86_64-linux-gnu/libOgreRTShaderSystem.so;debug;/usr/lib/x86_64-linux-gnu/libOgreRTShaderSystem.so
[9.466s] -- Looking for OGRE_Volume...
[9.467s] -- Found OGRE_Volume: optimized;/usr/lib/x86_64-linux-gnu/libOgreVolume.so;debug;/usr/lib/x86_64-linux-gnu/libOgreVolume.so
[9.467s] -- Looking for OGRE_Overlay...
[9.467s] -- Found OGRE_Overlay: optimized;/usr/lib/x86_64-linux-gnu/libOgreOverlay.so;debug;/usr/lib/x86_64-linux-gnu/libOgreOverlay.so
[51.971s] -- Looking for ignition-math6 -- found version 6.15.1
[51.971s] -- Looking for ignition-transport8 -- found version 8.2.1
[51.972s] -- Searching for dependencies of ignition-transport8
[53.512s] -- Checking for module 'uuid'
[53.533s] --   Found uuid, version 2.37.2
[53.575s] -- Looking for ignition-msgs5 -- found version 5.8.1
[53.576s] -- Searching for dependencies of ignition-msgs5
[53.756s] -- Looking for ignition-math6 -- found version 6.15.1
[53.764s] -- Checking for module 'tinyxml2'
[53.779s] --   Found tinyxml2, version 9.0.0
[53.813s] -- Looking for ignition-msgs5 -- found version 5.8.1
[53.817s] -- Looking for ignition-common3 -- found version 3.14.0
[53.818s] -- Searching for dependencies of ignition-common3
[53.819s] -- Looking for dlfcn.h - found
[53.819s] -- Looking for libdl - found
[54.010s] -- Searching for <ignition-common3> component [graphics]
[54.010s] -- Looking for ignition-common3-graphics -- found version 3.14.0
[54.011s] -- Searching for dependencies of ignition-common3-graphics
[54.011s] -- Looking for ignition-math6 -- found version 6.15.1
[54.013s] -- Looking for ignition-fuel_tools4 -- found version 4.4.0
[54.014s] -- Searching for dependencies of ignition-fuel_tools4
[57.342s] -- Checking for module 'jsoncpp'
[57.356s] --   Found jsoncpp, version 1.9.5
[57.400s] -- Checking for module 'libzip'
[57.412s] --   Found libzip, version 1.7.3
[57.443s] -- Looking for ignition-common3 -- found version 3.14.0
[57.444s] -- Looking for ignition-math6 -- found version 6.15.1
[57.444s] -- Looking for ignition-msgs5 -- found version 5.8.1
[57.453s] -- Gazebo version: 11.10
[59.892s] [31mCMake Error at CMakeLists.txt:7 (find_package):
[59.893s]   By not providing "Findjoint_state_publisher.cmake" in CMAKE_MODULE_PATH
[59.893s]   this project has asked CMake to find a package configuration file provided
[59.893s]   by "joint_state_publisher", but CMake did not find one.
[59.893s] 
[59.893s]   Could not find a package configuration file provided by
[59.893s]   "joint_state_publisher" with any of the following names:
[59.893s] 
[59.893s]     joint_state_publisherConfig.cmake
[59.893s]     joint_state_publisher-config.cmake
[59.893s] 
[59.893s]   Add the installation prefix of "joint_state_publisher" to CMAKE_PREFIX_PATH
[59.893s]   or set "joint_state_publisher_DIR" to a directory containing one of the
[59.893s]   above files.  If "joint_state_publisher" provides a separate development
[59.893s]   package or SDK, be sure it has been installed.
[59.893s] 
[59.893s] [0m
[59.893s] -- Configuring incomplete, errors occurred!
[59.894s] See also "/home/aashini/quadra/build/unitree/CMakeFiles/CMakeOutput.log".
[59.922s] gmake: *** [Makefile:226: cmake_check_build_system] Error 1
[59.924s] Invoked command in '/home/aashini/quadra/build/unitree' returned '2': CMAKE_PREFIX_PATH=${CMAKE_PREFIX_PATH}:/opt/ros/humble /usr/bin/cmake --build /home/aashini/quadra/build/unitree -- -j16 -l16
