[0.012s] Invoking command in '/home/aashini/quadra/build/unitree': CMAKE_PREFIX_PATH=${CMAKE_PREFIX_PATH}:/opt/ros/humble /usr/bin/cmake --build /home/aashini/quadra/build/unitree -- -j16 -l16
[0.166s] -- Found ament_cmake: 1.3.11 (/opt/ros/humble/share/ament_cmake/cmake)
[0.319s] -- Found gazebo_ros: 3.9.0 (/opt/ros/humble/share/gazebo_ros/cmake)
[0.698s] -- Found rosidl_generator_c: 3.1.6 (/opt/ros/humble/share/rosidl_generator_c/cmake)
[0.703s] -- Found rosidl_adapter: 3.1.6 (/opt/ros/humble/share/rosidl_adapter/cmake)
[0.718s] -- Found rosidl_generator_cpp: 3.1.6 (/opt/ros/humble/share/rosidl_generator_cpp/cmake)
[0.739s] -- Using all available rosidl_typesupport_c: rosidl_typesupport_fastrtps_c;rosidl_typesupport_introspection_c
[0.762s] -- Using all available rosidl_typesupport_cpp: rosidl_typesupport_fastrtps_cpp;rosidl_typesupport_introspection_cpp
[0.832s] -- Found rmw_implementation_cmake: 6.1.2 (/opt/ros/humble/share/rmw_implementation_cmake/cmake)
[0.839s] -- Found rmw_fastrtps_cpp: 6.2.7 (/opt/ros/humble/share/rmw_fastrtps_cpp/cmake)
[15.178s] -- Using RMW implementation 'rmw_fastrtps_cpp' as default
[15.332s] -- Found DART: /usr/include (Required is at least version "6.6") found components: dart 
[15.408s] -- Looking for ignition-math6 -- found version 6.15.1
[15.421s] -- Searching for dependencies of ignition-math6
[15.430s] -- Looking for OGRE...
[15.437s] -- Found Ogre Ghadamon (1.9.0)
[15.438s] -- Found OGRE: optimized;/usr/lib/x86_64-linux-gnu/libOgreMain.so;debug;/usr/lib/x86_64-linux-gnu/libOgreMain.so
[15.445s] -- Looking for OGRE_Paging...
[15.446s] -- Found OGRE_Paging: optimized;/usr/lib/x86_64-linux-gnu/libOgrePaging.so;debug;/usr/lib/x86_64-linux-gnu/libOgrePaging.so
[15.446s] -- Looking for OGRE_Terrain...
[15.446s] -- Found OGRE_Terrain: optimized;/usr/lib/x86_64-linux-gnu/libOgreTerrain.so;debug;/usr/lib/x86_64-linux-gnu/libOgreTerrain.so
[15.446s] -- Looking for OGRE_Property...
[15.446s] -- Found OGRE_Property: optimized;/usr/lib/x86_64-linux-gnu/libOgreProperty.so;debug;/usr/lib/x86_64-linux-gnu/libOgreProperty.so
[15.446s] -- Looking for OGRE_RTShaderSystem...
[15.446s] -- Found OGRE_RTShaderSystem: optimized;/usr/lib/x86_64-linux-gnu/libOgreRTShaderSystem.so;debug;/usr/lib/x86_64-linux-gnu/libOgreRTShaderSystem.so
[15.446s] -- Looking for OGRE_Volume...
[15.446s] -- Found OGRE_Volume: optimized;/usr/lib/x86_64-linux-gnu/libOgreVolume.so;debug;/usr/lib/x86_64-linux-gnu/libOgreVolume.so
[15.446s] -- Looking for OGRE_Overlay...
[15.446s] -- Found OGRE_Overlay: optimized;/usr/lib/x86_64-linux-gnu/libOgreOverlay.so;debug;/usr/lib/x86_64-linux-gnu/libOgreOverlay.so
[65.123s] -- Looking for ignition-math6 -- found version 6.15.1
[65.130s] -- Looking for ignition-transport8 -- found version 8.2.1
[65.131s] -- Searching for dependencies of ignition-transport8
[66.532s] -- Checking for module 'uuid'
[66.546s] --   Found uuid, version 2.37.2
[66.581s] -- Looking for ignition-msgs5 -- found version 5.8.1
[66.581s] -- Searching for dependencies of ignition-msgs5
[66.774s] -- Looking for ignition-math6 -- found version 6.15.1
[66.781s] -- Checking for module 'tinyxml2'
[66.794s] --   Found tinyxml2, version 9.0.0
[66.825s] -- Looking for ignition-msgs5 -- found version 5.8.1
[66.826s] -- Looking for ignition-common3 -- found version 3.14.0
[66.827s] -- Searching for dependencies of ignition-common3
[66.827s] -- Looking for dlfcn.h - found
[66.827s] -- Looking for libdl - found
[67.062s] -- Searching for <ignition-common3> component [graphics]
[67.063s] -- Looking for ignition-common3-graphics -- found version 3.14.0
[67.063s] -- Searching for dependencies of ignition-common3-graphics
[67.063s] -- Looking for ignition-math6 -- found version 6.15.1
[67.066s] -- Looking for ignition-fuel_tools4 -- found version 4.4.0
[67.066s] -- Searching for dependencies of ignition-fuel_tools4
[72.120s] -- Checking for module 'jsoncpp'
[72.130s] --   Found jsoncpp, version 1.9.5
[72.161s] -- Checking for module 'libzip'
[72.172s] --   Found libzip, version 1.7.3
[72.197s] -- Looking for ignition-common3 -- found version 3.14.0
[72.198s] -- Looking for ignition-math6 -- found version 6.15.1
[72.198s] -- Looking for ignition-msgs5 -- found version 5.8.1
[72.202s] -- Gazebo version: 11.10
[72.205s] -- Found robot_state_publisher: 3.0.3 (/opt/ros/humble/share/robot_state_publisher/cmake)
[72.238s] -- Found eigen3_cmake_module: 0.1.1 (/opt/ros/humble/share/eigen3_cmake_module/cmake)
[72.240s] -- Ensuring Eigen3 include directory is part of orocos-kdl CMake target
[76.071s] -- Found xacro: 2.0.8 (/opt/ros/humble/share/xacro/cmake)
[76.073s] -- Found rclpy: 3.3.15 (/opt/ros/humble/share/rclpy/cmake)
[76.074s] -- Found trajectory_msgs: 4.2.4 (/opt/ros/humble/share/trajectory_msgs/cmake)
[76.102s] -- Found ament_lint_auto: 0.12.11 (/opt/ros/humble/share/ament_lint_auto/cmake)
[76.194s] -- Added test 'copyright' to check source files copyright and LICENSE
[76.199s] -- Added test 'flake8' to check Python code syntax and style conventions
[76.199s] -- Added test 'lint_cmake' to check CMake code style
[76.201s] -- Added test 'pep257' to check Python code against some of the docstring style conventions in PEP 257
[76.203s] -- Added test 'xmllint' to check XML markup files
[76.206s] -- Configuring done
[76.379s] -- Generating done
[76.381s] -- Build files have been written to: /home/aashini/quadra/build/unitree
[76.414s] Invoked command in '/home/aashini/quadra/build/unitree' returned '0': CMAKE_PREFIX_PATH=${CMAKE_PREFIX_PATH}:/opt/ros/humble /usr/bin/cmake --build /home/aashini/quadra/build/unitree -- -j16 -l16
[76.422s] Invoking command in '/home/aashini/quadra/build/unitree': CMAKE_PREFIX_PATH=${CMAKE_PREFIX_PATH}:/opt/ros/humble /usr/bin/cmake --install /home/aashini/quadra/build/unitree
[76.427s] -- Install configuration: ""
[76.428s] -- Up-to-date: /home/aashini/quadra/install/unitree/lib/unitree/teleop.py
[76.428s] -- Up-to-date: /home/aashini/quadra/install/unitree/lib/unitree/joint_control_gui.py
[76.428s] -- Up-to-date: /home/aashini/quadra/install/unitree/share/unitree/launch
[76.428s] -- Up-to-date: /home/aashini/quadra/install/unitree/share/unitree/launch/go2_urdflaunch.py
[76.428s] -- Up-to-date: /home/aashini/quadra/install/unitree/share/unitree/urdf
[76.428s] -- Up-to-date: /home/aashini/quadra/install/unitree/share/unitree/urdf/go2_urdf.urdf
[76.428s] -- Up-to-date: /home/aashini/quadra/install/unitree/share/unitree/config
[76.428s] -- Up-to-date: /home/aashini/quadra/install/unitree/share/unitree/config/controllers.yaml
[76.428s] -- Up-to-date: /home/aashini/quadra/install/unitree/share/unitree/mesh
[76.429s] -- Up-to-date: /home/aashini/quadra/install/unitree/share/unitree/mesh/thigh.dae
[76.429s] -- Up-to-date: /home/aashini/quadra/install/unitree/share/unitree/mesh/calf_mirror.dae
[76.429s] -- Up-to-date: /home/aashini/quadra/install/unitree/share/unitree/mesh/base.dae
[76.429s] -- Up-to-date: /home/aashini/quadra/install/unitree/share/unitree/mesh/thigh_mirror.dae
[76.429s] -- Up-to-date: /home/aashini/quadra/install/unitree/share/unitree/mesh/hip.dae
[76.429s] -- Up-to-date: /home/aashini/quadra/install/unitree/share/unitree/mesh/calf.dae
[76.429s] -- Up-to-date: /home/aashini/quadra/install/unitree/share/unitree/mesh/foot.dae
[76.429s] -- Up-to-date: /home/aashini/quadra/install/unitree/share/unitree/worlds
[76.429s] -- Up-to-date: /home/aashini/quadra/install/unitree/share/unitree/worlds/empty.world
[76.429s] -- Up-to-date: /home/aashini/quadra/install/unitree/share/unitree/urdf
[76.429s] -- Up-to-date: /home/aashini/quadra/install/unitree/share/ament_index/resource_index/package_run_dependencies/unitree
[76.429s] -- Up-to-date: /home/aashini/quadra/install/unitree/share/ament_index/resource_index/parent_prefix_path/unitree
[76.429s] -- Up-to-date: /home/aashini/quadra/install/unitree/share/unitree/environment/ament_prefix_path.sh
[76.429s] -- Installing: /home/aashini/quadra/install/unitree/share/unitree/environment/ament_prefix_path.dsv
[76.429s] -- Up-to-date: /home/aashini/quadra/install/unitree/share/unitree/environment/path.sh
[76.429s] -- Installing: /home/aashini/quadra/install/unitree/share/unitree/environment/path.dsv
[76.430s] -- Up-to-date: /home/aashini/quadra/install/unitree/share/unitree/local_setup.bash
[76.430s] -- Up-to-date: /home/aashini/quadra/install/unitree/share/unitree/local_setup.sh
[76.431s] -- Up-to-date: /home/aashini/quadra/install/unitree/share/unitree/local_setup.zsh
[76.432s] -- Installing: /home/aashini/quadra/install/unitree/share/unitree/local_setup.dsv
[76.433s] -- Installing: /home/aashini/quadra/install/unitree/share/unitree/package.dsv
[76.434s] -- Up-to-date: /home/aashini/quadra/install/unitree/share/ament_index/resource_index/packages/unitree
[76.434s] -- Up-to-date: /home/aashini/quadra/install/unitree/share/unitree/cmake/unitreeConfig.cmake
[76.434s] -- Up-to-date: /home/aashini/quadra/install/unitree/share/unitree/cmake/unitreeConfig-version.cmake
[76.435s] -- Installing: /home/aashini/quadra/install/unitree/share/unitree/package.xml
[76.437s] Invoked command in '/home/aashini/quadra/build/unitree' returned '0': CMAKE_PREFIX_PATH=${CMAKE_PREFIX_PATH}:/opt/ros/humble /usr/bin/cmake --install /home/aashini/quadra/build/unitree
