-- Found ament_cmake: 1.3.11 (/opt/ros/humble/share/ament_cmake/cmake)
-- Found gazebo_ros: 3.9.0 (/opt/ros/humble/share/gazebo_ros/cmake)
-- Found rosidl_generator_c: 3.1.6 (/opt/ros/humble/share/rosidl_generator_c/cmake)
-- Found rosidl_adapter: 3.1.6 (/opt/ros/humble/share/rosidl_adapter/cmake)
-- Found rosidl_generator_cpp: 3.1.6 (/opt/ros/humble/share/rosidl_generator_cpp/cmake)
-- Using all available rosidl_typesupport_c: rosidl_typesupport_fastrtps_c;rosidl_typesupport_introspection_c
-- Using all available rosidl_typesupport_cpp: rosidl_typesupport_fastrtps_cpp;rosidl_typesupport_introspection_cpp
-- Found rmw_implementation_cmake: 6.1.2 (/opt/ros/humble/share/rmw_implementation_cmake/cmake)
-- Found rmw_fastrtps_cpp: 6.2.7 (/opt/ros/humble/share/rmw_fastrtps_cpp/cmake)
-- Using RMW implementation 'rmw_fastrtps_cpp' as default
-- Found DART: /usr/include (Required is at least version "6.6") found components: dart 
-- Looking for ignition-math6 -- found version 6.15.1
-- Searching for dependencies of ignition-math6
-- Looking for OGRE...
-- Found Ogre Ghadamon (1.9.0)
-- Found OGRE: optimized;/usr/lib/x86_64-linux-gnu/libOgreMain.so;debug;/usr/lib/x86_64-linux-gnu/libOgreMain.so
-- Looking for OGRE_Paging...
-- Found OGRE_Paging: optimized;/usr/lib/x86_64-linux-gnu/libOgrePaging.so;debug;/usr/lib/x86_64-linux-gnu/libOgrePaging.so
-- Looking for OGRE_Terrain...
-- Found OGRE_Terrain: optimized;/usr/lib/x86_64-linux-gnu/libOgreTerrain.so;debug;/usr/lib/x86_64-linux-gnu/libOgreTerrain.so
-- Looking for OGRE_Property...
-- Found OGRE_Property: optimized;/usr/lib/x86_64-linux-gnu/libOgreProperty.so;debug;/usr/lib/x86_64-linux-gnu/libOgreProperty.so
-- Looking for OGRE_RTShaderSystem...
-- Found OGRE_RTShaderSystem: optimized;/usr/lib/x86_64-linux-gnu/libOgreRTShaderSystem.so;debug;/usr/lib/x86_64-linux-gnu/libOgreRTShaderSystem.so
-- Looking for OGRE_Volume...
-- Found OGRE_Volume: optimized;/usr/lib/x86_64-linux-gnu/libOgreVolume.so;debug;/usr/lib/x86_64-linux-gnu/libOgreVolume.so
-- Looking for OGRE_Overlay...
-- Found OGRE_Overlay: optimized;/usr/lib/x86_64-linux-gnu/libOgreOverlay.so;debug;/usr/lib/x86_64-linux-gnu/libOgreOverlay.so
-- Looking for ignition-math6 -- found version 6.15.1
-- Looking for ignition-transport8 -- found version 8.2.1
-- Searching for dependencies of ignition-transport8
-- Checking for module 'uuid'
--   Found uuid, version 2.37.2
-- Looking for ignition-msgs5 -- found version 5.8.1
-- Searching for dependencies of ignition-msgs5
-- Looking for ignition-math6 -- found version 6.15.1
-- Checking for module 'tinyxml2'
--   Found tinyxml2, version 9.0.0
-- Looking for ignition-msgs5 -- found version 5.8.1
-- Looking for ignition-common3 -- found version 3.14.0
-- Searching for dependencies of ignition-common3
-- Looking for dlfcn.h - found
-- Looking for libdl - found
-- Searching for <ignition-common3> component [graphics]
-- Looking for ignition-common3-graphics -- found version 3.14.0
-- Searching for dependencies of ignition-common3-graphics
-- Looking for ignition-math6 -- found version 6.15.1
-- Looking for ignition-fuel_tools4 -- found version 4.4.0
-- Searching for dependencies of ignition-fuel_tools4
-- Checking for module 'jsoncpp'
--   Found jsoncpp, version 1.9.5
-- Checking for module 'libzip'
--   Found libzip, version 1.7.3
-- Looking for ignition-common3 -- found version 3.14.0
-- Looking for ignition-math6 -- found version 6.15.1
-- Looking for ignition-msgs5 -- found version 5.8.1
-- Gazebo version: 11.10
-- Found robot_state_publisher: 3.0.3 (/opt/ros/humble/share/robot_state_publisher/cmake)
-- Found eigen3_cmake_module: 0.1.1 (/opt/ros/humble/share/eigen3_cmake_module/cmake)
-- Ensuring Eigen3 include directory is part of orocos-kdl CMake target
-- Found xacro: 2.0.8 (/opt/ros/humble/share/xacro/cmake)
-- Found rclpy: 3.3.15 (/opt/ros/humble/share/rclpy/cmake)
-- Found ament_lint_auto: 0.12.11 (/opt/ros/humble/share/ament_lint_auto/cmake)
-- Added test 'flake8' to check Python code syntax and style conventions
-- Added test 'lint_cmake' to check CMake code style
-- Added test 'pep257' to check Python code against some of the docstring style conventions in PEP 257
-- Added test 'xmllint' to check XML markup files
-- Configuring done
-- Generating done
-- Build files have been written to: /home/aashini/quadra/build/unitree
-- Install configuration: ""
-- Installing: /home/aashini/quadra/install/unitree/lib/unitree/teleop.py
-- Up-to-date: /home/aashini/quadra/install/unitree/share/unitree//urdf
-- Up-to-date: /home/aashini/quadra/install/unitree/share/unitree//urdf/go2_urdf.urdf
-- Up-to-date: /home/aashini/quadra/install/unitree/share/unitree//mesh
-- Up-to-date: /home/aashini/quadra/install/unitree/share/unitree//mesh/thigh.dae
-- Up-to-date: /home/aashini/quadra/install/unitree/share/unitree//mesh/calf_mirror.dae
-- Up-to-date: /home/aashini/quadra/install/unitree/share/unitree//mesh/base.dae
-- Up-to-date: /home/aashini/quadra/install/unitree/share/unitree//mesh/thigh_mirror.dae
-- Up-to-date: /home/aashini/quadra/install/unitree/share/unitree//mesh/hip.dae
-- Up-to-date: /home/aashini/quadra/install/unitree/share/unitree//mesh/calf.dae
-- Up-to-date: /home/aashini/quadra/install/unitree/share/unitree//mesh/foot.dae
-- Up-to-date: /home/aashini/quadra/install/unitree/share/unitree//worlds
-- Up-to-date: /home/aashini/quadra/install/unitree/share/unitree//worlds/empty.world
-- Up-to-date: /home/aashini/quadra/install/unitree/share/unitree//launch
-- Up-to-date: /home/aashini/quadra/install/unitree/share/unitree//launch/go2_urdflaunch.py
-- Installing: /home/aashini/quadra/install/unitree/share/ament_index/resource_index/package_run_dependencies/unitree
-- Installing: /home/aashini/quadra/install/unitree/share/ament_index/resource_index/parent_prefix_path/unitree
-- Up-to-date: /home/aashini/quadra/install/unitree/share/unitree/environment/ament_prefix_path.sh
-- Installing: /home/aashini/quadra/install/unitree/share/unitree/environment/ament_prefix_path.dsv
-- Up-to-date: /home/aashini/quadra/install/unitree/share/unitree/environment/path.sh
-- Installing: /home/aashini/quadra/install/unitree/share/unitree/environment/path.dsv
-- Up-to-date: /home/aashini/quadra/install/unitree/share/unitree/local_setup.bash
-- Up-to-date: /home/aashini/quadra/install/unitree/share/unitree/local_setup.sh
-- Up-to-date: /home/aashini/quadra/install/unitree/share/unitree/local_setup.zsh
-- Installing: /home/aashini/quadra/install/unitree/share/unitree/local_setup.dsv
-- Installing: /home/aashini/quadra/install/unitree/share/unitree/package.dsv
-- Up-to-date: /home/aashini/quadra/install/unitree/share/ament_index/resource_index/packages/unitree
-- Up-to-date: /home/aashini/quadra/install/unitree/share/unitree/cmake/unitreeConfig.cmake
-- Up-to-date: /home/aashini/quadra/install/unitree/share/unitree/cmake/unitreeConfig-version.cmake
-- Installing: /home/aashini/quadra/install/unitree/share/unitree/package.xml
