[0.358s] DEBUG:colcon:Command line arguments: ['/home/aashini/.local/bin/colcon', 'build']
[0.358s] DEBUG:colcon:Parsed command line arguments: Namespace(log_base=None, log_level=None, verb_name='build', build_base='build', install_base='install', merge_install=False, symlink_install=False, test_result_base=None, continue_on_error=False, executor='parallel', parallel_workers=16, event_handlers=None, ignore_user_meta=False, metas=['./colcon.meta'], base_paths=['.'], packages_ignore=None, packages_ignore_regex=None, paths=None, packages_up_to=None, packages_up_to_regex=None, packages_above=None, packages_above_and_dependencies=None, packages_above_depth=None, packages_select_by_dep=None, packages_skip_by_dep=None, packages_skip_up_to=None, packages_select_build_failed=False, packages_skip_build_finished=False, packages_select_test_failures=False, packages_skip_test_passed=False, packages_select=None, packages_skip=None, packages_select_regex=None, packages_skip_regex=None, packages_start=None, packages_end=None, cmake_args=None, cmake_target=None, cmake_target_skip_unavailable=False, cmake_clean_cache=False, cmake_clean_first=False, cmake_force_configure=False, ament_cmake_args=None, catkin_cmake_args=None, catkin_skip_building_tests=False, verb_parser=<colcon_defaults.argument_parser.defaults.DefaultArgumentsDecorator object at 0x7f2ed602aef0>, verb_extension=<colcon_core.verb.build.BuildVerb object at 0x7f2ed602a980>, main=<bound method BuildVerb.main of <colcon_core.verb.build.BuildVerb object at 0x7f2ed602a980>>)
[0.461s] Level 1:colcon.colcon_core.package_discovery:discover_packages(colcon_meta) check parameters
[0.461s] Level 1:colcon.colcon_core.package_discovery:discover_packages(recursive) check parameters
[0.461s] Level 1:colcon.colcon_core.package_discovery:discover_packages(ignore) check parameters
[0.461s] Level 1:colcon.colcon_core.package_discovery:discover_packages(path) check parameters
[0.461s] Level 1:colcon.colcon_core.package_discovery:discover_packages(colcon_meta) discover
[0.461s] Level 1:colcon.colcon_core.package_discovery:discover_packages(recursive) discover
[0.461s] INFO:colcon.colcon_core.package_discovery:Crawling recursively for packages in '/home/aashini/quadra'
[0.461s] Level 1:colcon.colcon_core.package_identification:_identify(.) by extensions ['ignore', 'ignore_ament_install']
[0.461s] Level 1:colcon.colcon_core.package_identification:_identify(.) by extension 'ignore'
[0.461s] Level 1:colcon.colcon_core.package_identification:_identify(.) by extension 'ignore_ament_install'
[0.461s] Level 1:colcon.colcon_core.package_identification:_identify(.) by extensions ['colcon_pkg']
[0.461s] Level 1:colcon.colcon_core.package_identification:_identify(.) by extension 'colcon_pkg'
[0.461s] Level 1:colcon.colcon_core.package_identification:_identify(.) by extensions ['colcon_meta']
[0.461s] Level 1:colcon.colcon_core.package_identification:_identify(.) by extension 'colcon_meta'
[0.461s] Level 1:colcon.colcon_core.package_identification:_identify(.) by extensions ['ros']
[0.461s] Level 1:colcon.colcon_core.package_identification:_identify(.) by extension 'ros'
[0.471s] Level 1:colcon.colcon_core.package_identification:_identify(.) by extensions ['cmake', 'python']
[0.471s] Level 1:colcon.colcon_core.package_identification:_identify(.) by extension 'cmake'
[0.471s] Level 1:colcon.colcon_core.package_identification:_identify(.) by extension 'python'
[0.471s] Level 1:colcon.colcon_core.package_identification:_identify(.) by extensions ['python_setup_py']
[0.471s] Level 1:colcon.colcon_core.package_identification:_identify(.) by extension 'python_setup_py'
[0.471s] Level 1:colcon.colcon_core.package_identification:_identify(build) by extensions ['ignore', 'ignore_ament_install']
[0.471s] Level 1:colcon.colcon_core.package_identification:_identify(build) by extension 'ignore'
[0.471s] Level 1:colcon.colcon_core.package_identification:_identify(build) ignored
[0.471s] Level 1:colcon.colcon_core.package_identification:_identify(install) by extensions ['ignore', 'ignore_ament_install']
[0.471s] Level 1:colcon.colcon_core.package_identification:_identify(install) by extension 'ignore'
[0.471s] Level 1:colcon.colcon_core.package_identification:_identify(install) ignored
[0.471s] Level 1:colcon.colcon_core.package_identification:_identify(log) by extensions ['ignore', 'ignore_ament_install']
[0.471s] Level 1:colcon.colcon_core.package_identification:_identify(log) by extension 'ignore'
[0.471s] Level 1:colcon.colcon_core.package_identification:_identify(log) ignored
[0.471s] Level 1:colcon.colcon_core.package_identification:_identify(src) by extensions ['ignore', 'ignore_ament_install']
[0.472s] Level 1:colcon.colcon_core.package_identification:_identify(src) by extension 'ignore'
[0.472s] Level 1:colcon.colcon_core.package_identification:_identify(src) by extension 'ignore_ament_install'
[0.472s] Level 1:colcon.colcon_core.package_identification:_identify(src) by extensions ['colcon_pkg']
[0.472s] Level 1:colcon.colcon_core.package_identification:_identify(src) by extension 'colcon_pkg'
[0.472s] Level 1:colcon.colcon_core.package_identification:_identify(src) by extensions ['colcon_meta']
[0.472s] Level 1:colcon.colcon_core.package_identification:_identify(src) by extension 'colcon_meta'
[0.472s] Level 1:colcon.colcon_core.package_identification:_identify(src) by extensions ['ros']
[0.472s] Level 1:colcon.colcon_core.package_identification:_identify(src) by extension 'ros'
[0.472s] Level 1:colcon.colcon_core.package_identification:_identify(src) by extensions ['cmake', 'python']
[0.472s] Level 1:colcon.colcon_core.package_identification:_identify(src) by extension 'cmake'
[0.472s] Level 1:colcon.colcon_core.package_identification:_identify(src) by extension 'python'
[0.472s] Level 1:colcon.colcon_core.package_identification:_identify(src) by extensions ['python_setup_py']
[0.472s] Level 1:colcon.colcon_core.package_identification:_identify(src) by extension 'python_setup_py'
[0.472s] Level 1:colcon.colcon_core.package_identification:_identify(src/unitree) by extensions ['ignore', 'ignore_ament_install']
[0.472s] Level 1:colcon.colcon_core.package_identification:_identify(src/unitree) by extension 'ignore'
[0.472s] Level 1:colcon.colcon_core.package_identification:_identify(src/unitree) by extension 'ignore_ament_install'
[0.472s] Level 1:colcon.colcon_core.package_identification:_identify(src/unitree) by extensions ['colcon_pkg']
[0.472s] Level 1:colcon.colcon_core.package_identification:_identify(src/unitree) by extension 'colcon_pkg'
[0.472s] Level 1:colcon.colcon_core.package_identification:_identify(src/unitree) by extensions ['colcon_meta']
[0.472s] Level 1:colcon.colcon_core.package_identification:_identify(src/unitree) by extension 'colcon_meta'
[0.472s] Level 1:colcon.colcon_core.package_identification:_identify(src/unitree) by extensions ['ros']
[0.472s] Level 1:colcon.colcon_core.package_identification:_identify(src/unitree) by extension 'ros'
[0.475s] DEBUG:colcon.colcon_core.package_identification:Package 'src/unitree' with type 'ros.ament_cmake' and name 'unitree'
[0.475s] Level 1:colcon.colcon_core.package_discovery:discover_packages(recursive) using defaults
[0.475s] Level 1:colcon.colcon_core.package_discovery:discover_packages(ignore) discover
[0.475s] Level 1:colcon.colcon_core.package_discovery:discover_packages(ignore) using defaults
[0.475s] Level 1:colcon.colcon_core.package_discovery:discover_packages(path) discover
[0.475s] Level 1:colcon.colcon_core.package_discovery:discover_packages(path) using defaults
[0.489s] Level 5:colcon.colcon_core.verb:set package 'unitree' build argument 'cmake_args' from command line to 'None'
[0.489s] Level 5:colcon.colcon_core.verb:set package 'unitree' build argument 'cmake_target' from command line to 'None'
[0.489s] Level 5:colcon.colcon_core.verb:set package 'unitree' build argument 'cmake_target_skip_unavailable' from command line to 'False'
[0.489s] Level 5:colcon.colcon_core.verb:set package 'unitree' build argument 'cmake_clean_cache' from command line to 'False'
[0.489s] Level 5:colcon.colcon_core.verb:set package 'unitree' build argument 'cmake_clean_first' from command line to 'False'
[0.489s] Level 5:colcon.colcon_core.verb:set package 'unitree' build argument 'cmake_force_configure' from command line to 'False'
[0.489s] Level 5:colcon.colcon_core.verb:set package 'unitree' build argument 'ament_cmake_args' from command line to 'None'
[0.489s] Level 5:colcon.colcon_core.verb:set package 'unitree' build argument 'catkin_cmake_args' from command line to 'None'
[0.489s] Level 5:colcon.colcon_core.verb:set package 'unitree' build argument 'catkin_skip_building_tests' from command line to 'False'
[0.489s] DEBUG:colcon.colcon_core.verb:Building package 'unitree' with the following arguments: {'ament_cmake_args': None, 'build_base': '/home/aashini/quadra/build/unitree', 'catkin_cmake_args': None, 'catkin_skip_building_tests': False, 'cmake_args': None, 'cmake_clean_cache': False, 'cmake_clean_first': False, 'cmake_force_configure': False, 'cmake_target': None, 'cmake_target_skip_unavailable': False, 'install_base': '/home/aashini/quadra/install/unitree', 'merge_install': False, 'path': '/home/aashini/quadra/src/unitree', 'symlink_install': False, 'test_result_base': None}
[0.489s] INFO:colcon.colcon_core.executor:Executing jobs using 'parallel' executor
[0.490s] DEBUG:colcon.colcon_parallel_executor.executor.parallel:run_until_complete
[0.490s] INFO:colcon.colcon_ros.task.ament_cmake.build:Building ROS package in '/home/aashini/quadra/src/unitree' with build type 'ament_cmake'
[0.490s] INFO:colcon.colcon_cmake.task.cmake.build:Building CMake package in '/home/aashini/quadra/src/unitree'
[0.492s] INFO:colcon.colcon_core.plugin_system:Skipping extension 'colcon_core.shell.bat': Not used on non-Windows systems
[0.493s] INFO:colcon.colcon_core.shell:Skip shell extension 'powershell' for command environment: Not usable outside of PowerShell
[0.493s] DEBUG:colcon.colcon_core.shell:Skip shell extension 'dsv' for command environment
[0.501s] DEBUG:colcon.colcon_core.event_handler.log_command:Invoking command in '/home/aashini/quadra/build/unitree': CMAKE_PREFIX_PATH=${CMAKE_PREFIX_PATH}:/opt/ros/humble /usr/bin/cmake --build /home/aashini/quadra/build/unitree -- -j16 -l16
[85.473s] DEBUG:colcon.colcon_core.event_handler.log_command:Invoked command in '/home/aashini/quadra/build/unitree' returned '0': CMAKE_PREFIX_PATH=${CMAKE_PREFIX_PATH}:/opt/ros/humble /usr/bin/cmake --build /home/aashini/quadra/build/unitree -- -j16 -l16
[85.483s] DEBUG:colcon.colcon_core.event_handler.log_command:Invoking command in '/home/aashini/quadra/build/unitree': CMAKE_PREFIX_PATH=${CMAKE_PREFIX_PATH}:/opt/ros/humble /usr/bin/cmake --install /home/aashini/quadra/build/unitree
[85.506s] Level 1:colcon.colcon_core.environment:create_environment_scripts_only(unitree)
[85.507s] DEBUG:colcon.colcon_core.event_handler.log_command:Invoked command in '/home/aashini/quadra/build/unitree' returned '0': CMAKE_PREFIX_PATH=${CMAKE_PREFIX_PATH}:/opt/ros/humble /usr/bin/cmake --install /home/aashini/quadra/build/unitree
[85.517s] Level 1:colcon.colcon_core.environment:checking '/home/aashini/quadra/install/unitree' for CMake module files
[85.518s] Level 1:colcon.colcon_core.environment:checking '/home/aashini/quadra/install/unitree' for CMake config files
[85.522s] Level 1:colcon.colcon_core.shell:create_environment_hook('unitree', 'cmake_prefix_path')
[85.523s] INFO:colcon.colcon_core.shell:Creating environment hook '/home/aashini/quadra/install/unitree/share/unitree/hook/cmake_prefix_path.ps1'
[85.524s] INFO:colcon.colcon_core.shell:Creating environment descriptor '/home/aashini/quadra/install/unitree/share/unitree/hook/cmake_prefix_path.dsv'
[85.525s] INFO:colcon.colcon_core.shell:Creating environment hook '/home/aashini/quadra/install/unitree/share/unitree/hook/cmake_prefix_path.sh'
[85.526s] Level 1:colcon.colcon_core.environment:checking '/home/aashini/quadra/install/unitree/lib'
[85.526s] Level 1:colcon.colcon_core.environment:checking '/home/aashini/quadra/install/unitree/bin'
[85.526s] Level 1:colcon.colcon_core.environment:checking '/home/aashini/quadra/install/unitree/lib/pkgconfig/unitree.pc'
[85.529s] Level 1:colcon.colcon_core.environment:checking '/home/aashini/quadra/install/unitree/lib/python3.10/site-packages'
[85.529s] Level 1:colcon.colcon_core.environment:checking '/home/aashini/quadra/install/unitree/bin'
[85.529s] INFO:colcon.colcon_core.shell:Creating package script '/home/aashini/quadra/install/unitree/share/unitree/package.ps1'
[85.530s] INFO:colcon.colcon_core.shell:Creating package descriptor '/home/aashini/quadra/install/unitree/share/unitree/package.dsv'
[85.531s] INFO:colcon.colcon_core.shell:Creating package script '/home/aashini/quadra/install/unitree/share/unitree/package.sh'
[85.532s] INFO:colcon.colcon_core.shell:Creating package script '/home/aashini/quadra/install/unitree/share/unitree/package.bash'
[85.534s] INFO:colcon.colcon_core.shell:Creating package script '/home/aashini/quadra/install/unitree/share/unitree/package.zsh'
[85.535s] Level 1:colcon.colcon_core.environment:create_file_with_runtime_dependencies(/home/aashini/quadra/install/unitree/share/colcon-core/packages/unitree)
[85.536s] Level 1:colcon.colcon_core.environment:create_environment_scripts_only(unitree)
[85.536s] Level 1:colcon.colcon_core.environment:checking '/home/aashini/quadra/install/unitree' for CMake module files
[85.536s] Level 1:colcon.colcon_core.environment:checking '/home/aashini/quadra/install/unitree' for CMake config files
[85.537s] Level 1:colcon.colcon_core.shell:create_environment_hook('unitree', 'cmake_prefix_path')
[85.537s] INFO:colcon.colcon_core.shell:Creating environment hook '/home/aashini/quadra/install/unitree/share/unitree/hook/cmake_prefix_path.ps1'
[85.537s] INFO:colcon.colcon_core.shell:Creating environment descriptor '/home/aashini/quadra/install/unitree/share/unitree/hook/cmake_prefix_path.dsv'
[85.537s] INFO:colcon.colcon_core.shell:Creating environment hook '/home/aashini/quadra/install/unitree/share/unitree/hook/cmake_prefix_path.sh'
[85.538s] Level 1:colcon.colcon_core.environment:checking '/home/aashini/quadra/install/unitree/lib'
[85.538s] Level 1:colcon.colcon_core.environment:checking '/home/aashini/quadra/install/unitree/bin'
[85.538s] Level 1:colcon.colcon_core.environment:checking '/home/aashini/quadra/install/unitree/lib/pkgconfig/unitree.pc'
[85.538s] Level 1:colcon.colcon_core.environment:checking '/home/aashini/quadra/install/unitree/lib/python3.10/site-packages'
[85.538s] Level 1:colcon.colcon_core.environment:checking '/home/aashini/quadra/install/unitree/bin'
[85.539s] INFO:colcon.colcon_core.shell:Creating package script '/home/aashini/quadra/install/unitree/share/unitree/package.ps1'
[85.539s] INFO:colcon.colcon_core.shell:Creating package descriptor '/home/aashini/quadra/install/unitree/share/unitree/package.dsv'
[85.539s] INFO:colcon.colcon_core.shell:Creating package script '/home/aashini/quadra/install/unitree/share/unitree/package.sh'
[85.539s] INFO:colcon.colcon_core.shell:Creating package script '/home/aashini/quadra/install/unitree/share/unitree/package.bash'
[85.540s] INFO:colcon.colcon_core.shell:Creating package script '/home/aashini/quadra/install/unitree/share/unitree/package.zsh'
[85.540s] Level 1:colcon.colcon_core.environment:create_file_with_runtime_dependencies(/home/aashini/quadra/install/unitree/share/colcon-core/packages/unitree)
[85.540s] DEBUG:colcon.colcon_parallel_executor.executor.parallel:closing loop
[85.541s] DEBUG:colcon.colcon_parallel_executor.executor.parallel:loop closed
[85.541s] DEBUG:colcon.colcon_parallel_executor.executor.parallel:run_until_complete finished with '0'
[85.541s] DEBUG:colcon.colcon_core.event_reactor:joining thread
[85.650s] INFO:colcon.colcon_core.plugin_system:Skipping extension 'colcon_notification.desktop_notification.notify_send': Could not find 'notify-send'
[85.651s] INFO:colcon.colcon_core.plugin_system:Skipping extension 'colcon_notification.desktop_notification.terminal_notifier': Not used on non-Darwin systems
[85.651s] INFO:colcon.colcon_core.plugin_system:Skipping extension 'colcon_notification.desktop_notification.win32': Not used on non-Windows systems
[85.651s] INFO:colcon.colcon_notification.desktop_notification:Sending desktop notification using 'notify2'
[85.652s] DEBUG:colcon.colcon_notification.desktop_notification.notify2:Failed to initialize notify2: org.freedesktop.DBus.Error.ServiceUnknown: The name org.freedesktop.Notifications was not provided by any .service files
[85.653s] DEBUG:colcon.colcon_core.event_reactor:joined thread
[85.653s] INFO:colcon.colcon_core.shell:Creating prefix script '/home/aashini/quadra/install/local_setup.ps1'
[85.655s] INFO:colcon.colcon_core.shell:Creating prefix util module '/home/aashini/quadra/install/_local_setup_util_ps1.py'
[85.656s] INFO:colcon.colcon_core.shell:Creating prefix chain script '/home/aashini/quadra/install/setup.ps1'
[85.658s] INFO:colcon.colcon_core.shell:Creating prefix script '/home/aashini/quadra/install/local_setup.sh'
[85.659s] INFO:colcon.colcon_core.shell:Creating prefix util module '/home/aashini/quadra/install/_local_setup_util_sh.py'
[85.659s] INFO:colcon.colcon_core.shell:Creating prefix chain script '/home/aashini/quadra/install/setup.sh'
[85.660s] INFO:colcon.colcon_core.shell:Creating prefix script '/home/aashini/quadra/install/local_setup.bash'
[85.662s] INFO:colcon.colcon_core.shell:Creating prefix chain script '/home/aashini/quadra/install/setup.bash'
[85.663s] INFO:colcon.colcon_core.shell:Creating prefix script '/home/aashini/quadra/install/local_setup.zsh'
[85.664s] INFO:colcon.colcon_core.shell:Creating prefix chain script '/home/aashini/quadra/install/setup.zsh'
