[0.019s] Invoking command in '/home/aashini/quadra/build/unitree': CMAKE_PREFIX_PATH=${CMAKE_PREFIX_PATH}:/opt/ros/humble /usr/bin/cmake /home/aashini/quadra/src/unitree -DCMAKE_INSTALL_PREFIX=/home/aashini/quadra/install/unitree
[0.756s] -- The C compiler identification is GNU 11.4.0
[3.276s] -- The CXX compiler identification is GNU 11.4.0
[5.017s] -- Detecting C compiler ABI info
[5.409s] -- Detecting C compiler ABI info - done
[5.417s] -- Check for working C compiler: /usr/bin/cc - skipped
[5.418s] -- Detecting C compile features
[5.419s] -- Detecting C compile features - done
[5.424s] -- Detecting CXX compiler ABI info
[5.671s] -- Detecting CXX compiler ABI info - done
[5.676s] -- Check for working CXX compiler: /usr/bin/c++ - skipped
[5.677s] -- Detecting CXX compile features
[5.677s] -- Detecting CXX compile features - done
[5.724s] -- Found ament_cmake: 1.3.11 (/opt/ros/humble/share/ament_cmake/cmake)
[5.916s] -- Found Python3: /usr/bin/python3 (found version "3.10.12") found components: Interpreter 
[6.057s] -- Found ament_lint_auto: 0.12.11 (/opt/ros/humble/share/ament_lint_auto/cmake)
[6.143s] -- Added test 'lint_cmake' to check CMake code style
[6.145s] -- Added test 'xmllint' to check XML markup files
[6.148s] -- Configuring done
[6.151s] -- Generating done
[6.152s] -- Build files have been written to: /home/aashini/quadra/build/unitree
[6.159s] Invoked command in '/home/aashini/quadra/build/unitree' returned '0': CMAKE_PREFIX_PATH=${CMAKE_PREFIX_PATH}:/opt/ros/humble /usr/bin/cmake /home/aashini/quadra/src/unitree -DCMAKE_INSTALL_PREFIX=/home/aashini/quadra/install/unitree
[6.159s] Invoking command in '/home/aashini/quadra/build/unitree': CMAKE_PREFIX_PATH=${CMAKE_PREFIX_PATH}:/opt/ros/humble /usr/bin/cmake --build /home/aashini/quadra/build/unitree -- -j16 -l16
[6.193s] Invoked command in '/home/aashini/quadra/build/unitree' returned '0': CMAKE_PREFIX_PATH=${CMAKE_PREFIX_PATH}:/opt/ros/humble /usr/bin/cmake --build /home/aashini/quadra/build/unitree -- -j16 -l16
[6.205s] Invoking command in '/home/aashini/quadra/build/unitree': CMAKE_PREFIX_PATH=${CMAKE_PREFIX_PATH}:/opt/ros/humble /usr/bin/cmake --install /home/aashini/quadra/build/unitree
[6.210s] -- Install configuration: ""
[6.211s] -- Installing: /home/aashini/quadra/install/unitree/share/ament_index/resource_index/package_run_dependencies/unitree
[6.212s] -- Installing: /home/aashini/quadra/install/unitree/share/ament_index/resource_index/parent_prefix_path/unitree
[6.213s] -- Installing: /home/aashini/quadra/install/unitree/share/unitree/environment/ament_prefix_path.sh
[6.213s] -- Installing: /home/aashini/quadra/install/unitree/share/unitree/environment/ament_prefix_path.dsv
[6.213s] -- Installing: /home/aashini/quadra/install/unitree/share/unitree/environment/path.sh
[6.213s] -- Installing: /home/aashini/quadra/install/unitree/share/unitree/environment/path.dsv
[6.213s] -- Installing: /home/aashini/quadra/install/unitree/share/unitree/local_setup.bash
[6.214s] -- Installing: /home/aashini/quadra/install/unitree/share/unitree/local_setup.sh
[6.214s] -- Installing: /home/aashini/quadra/install/unitree/share/unitree/local_setup.zsh
[6.214s] -- Installing: /home/aashini/quadra/install/unitree/share/unitree/local_setup.dsv
[6.214s] -- Installing: /home/aashini/quadra/install/unitree/share/unitree/package.dsv
[6.214s] -- Installing: /home/aashini/quadra/install/unitree/share/ament_index/resource_index/packages/unitree
[6.214s] -- Installing: /home/aashini/quadra/install/unitree/share/unitree/cmake/unitreeConfig.cmake
[6.214s] -- Installing: /home/aashini/quadra/install/unitree/share/unitree/cmake/unitreeConfig-version.cmake
[6.214s] -- Installing: /home/aashini/quadra/install/unitree/share/unitree/package.xml
[6.217s] Invoked command in '/home/aashini/quadra/build/unitree' returned '0': CMAKE_PREFIX_PATH=${CMAKE_PREFIX_PATH}:/opt/ros/humble /usr/bin/cmake --install /home/aashini/quadra/build/unitree
