[0.031s] Invoking command in '/home/aashini/quadra/build/gazebo_ros2_control': CMAKE_PREFIX_PATH=${CMAKE_PREFIX_PATH}:/opt/ros/humble /usr/bin/cmake /home/aashini/quadra/src/gazebo_ros2_control/gazebo_ros2_control -DCMAKE_INSTALL_PREFIX=/home/aashini/quadra/install/gazebo_ros2_control
[0.100s] -- Found ament_cmake: 1.3.11 (/opt/ros/humble/share/ament_cmake/cmake)
[0.223s] -- Override CMake install command with custom implementation using symlinks instead of copying resources
[0.264s] -- Found angles: 1.15.0 (/opt/ros/humble/share/angles/cmake)
[0.267s] -- Found controller_manager: 2.48.0 (/opt/ros/humble/share/controller_manager/cmake)
[0.538s] -- Found rosidl_generator_c: 3.1.6 (/opt/ros/humble/share/rosidl_generator_c/cmake)
[0.544s] -- Found rosidl_adapter: 3.1.6 (/opt/ros/humble/share/rosidl_adapter/cmake)
[0.555s] -- Found rosidl_generator_cpp: 3.1.6 (/opt/ros/humble/share/rosidl_generator_cpp/cmake)
[0.572s] -- Using all available rosidl_typesupport_c: rosidl_typesupport_fastrtps_c;rosidl_typesupport_introspection_c
[0.591s] -- Using all available rosidl_typesupport_cpp: rosidl_typesupport_fastrtps_cpp;rosidl_typesupport_introspection_cpp
[3.450s] -- Found rmw_implementation_cmake: 6.1.2 (/opt/ros/humble/share/rmw_implementation_cmake/cmake)
[3.455s] -- Found rmw_fastrtps_cpp: 6.2.7 (/opt/ros/humble/share/rmw_fastrtps_cpp/cmake)
[3.496s] -- Found TinyXML2 via Config file: TinyXML2_DIR-NOTFOUND
[3.511s] -- Found TinyXML2 via Config file: TinyXML2_DIR-NOTFOUND
[3.867s] -- Found TinyXML2 via Config file: TinyXML2_DIR-NOTFOUND
[3.873s] -- Found TinyXML2 via Config file: TinyXML2_DIR-NOTFOUND
[4.113s] -- Using RMW implementation 'rmw_fastrtps_cpp' as default
[4.245s] -- Found control_toolbox: 3.6.0 (/opt/ros/humble/share/control_toolbox/cmake)
[4.278s] -- Found gazebo_dev: 3.9.0 (/opt/ros/humble/share/gazebo_dev/cmake)
[4.327s] -- Found DART: /usr/include (Required is at least version "6.6") found components: dart 
[4.408s] -- Looking for ignition-math6 -- found version 6.15.1
[4.420s] -- Searching for dependencies of ignition-math6
[4.425s] -- Looking for OGRE...
[4.432s] -- Found Ogre Ghadamon (1.9.0)
[4.433s] -- Found OGRE: optimized;/usr/lib/x86_64-linux-gnu/libOgreMain.so;debug;/usr/lib/x86_64-linux-gnu/libOgreMain.so
[4.439s] -- Looking for OGRE_Paging...
[4.439s] -- Found OGRE_Paging: optimized;/usr/lib/x86_64-linux-gnu/libOgrePaging.so;debug;/usr/lib/x86_64-linux-gnu/libOgrePaging.so
[4.439s] -- Looking for OGRE_Terrain...
[4.440s] -- Found OGRE_Terrain: optimized;/usr/lib/x86_64-linux-gnu/libOgreTerrain.so;debug;/usr/lib/x86_64-linux-gnu/libOgreTerrain.so
[4.440s] -- Looking for OGRE_Property...
[4.440s] -- Found OGRE_Property: optimized;/usr/lib/x86_64-linux-gnu/libOgreProperty.so;debug;/usr/lib/x86_64-linux-gnu/libOgreProperty.so
[4.440s] -- Looking for OGRE_RTShaderSystem...
[4.440s] -- Found OGRE_RTShaderSystem: optimized;/usr/lib/x86_64-linux-gnu/libOgreRTShaderSystem.so;debug;/usr/lib/x86_64-linux-gnu/libOgreRTShaderSystem.so
[4.440s] -- Looking for OGRE_Volume...
[4.440s] -- Found OGRE_Volume: optimized;/usr/lib/x86_64-linux-gnu/libOgreVolume.so;debug;/usr/lib/x86_64-linux-gnu/libOgreVolume.so
[4.440s] -- Looking for OGRE_Overlay...
[4.440s] -- Found OGRE_Overlay: optimized;/usr/lib/x86_64-linux-gnu/libOgreOverlay.so;debug;/usr/lib/x86_64-linux-gnu/libOgreOverlay.so
[42.486s] -- Looking for ignition-math6 -- found version 6.15.1
[42.494s] -- Looking for ignition-transport8 -- found version 8.2.1
[42.494s] -- Searching for dependencies of ignition-transport8
[44.584s] -- Checking for module 'uuid'
[44.601s] --   Found uuid, version 2.37.2
[44.634s] -- Looking for ignition-msgs5 -- found version 5.8.1
[44.634s] -- Searching for dependencies of ignition-msgs5
[44.806s] -- Looking for ignition-math6 -- found version 6.15.1
[44.820s] -- Looking for ignition-msgs5 -- found version 5.8.1
[44.823s] -- Looking for ignition-common3 -- found version 3.14.0
[44.824s] -- Searching for dependencies of ignition-common3
[44.824s] -- Looking for dlfcn.h - found
[44.825s] -- Looking for libdl - found
[45.204s] -- Searching for <ignition-common3> component [graphics]
[45.206s] -- Looking for ignition-common3-graphics -- found version 3.14.0
[45.207s] -- Searching for dependencies of ignition-common3-graphics
[45.207s] -- Looking for ignition-math6 -- found version 6.15.1
[45.212s] -- Looking for ignition-fuel_tools4 -- found version 4.4.0
[45.212s] -- Searching for dependencies of ignition-fuel_tools4
[48.994s] -- Checking for module 'jsoncpp'
[49.010s] --   Found jsoncpp, version 1.9.5
[49.051s] -- Checking for module 'libzip'
[49.063s] --   Found libzip, version 1.7.3
[49.094s] -- Looking for ignition-common3 -- found version 3.14.0
[49.094s] -- Looking for ignition-math6 -- found version 6.15.1
[49.094s] -- Looking for ignition-msgs5 -- found version 5.8.1
[49.101s] -- Gazebo version: 11.10
[49.104s] -- Found gazebo_ros: 3.9.0 (/opt/ros/humble/share/gazebo_ros/cmake)
[49.112s] -- Found yaml_cpp_vendor: 8.0.2 (/opt/ros/humble/share/yaml_cpp_vendor/cmake)
[49.150s] -- Found ament_cmake_gtest: 1.3.11 (/opt/ros/humble/share/ament_cmake_gtest/cmake)
[49.156s] -- Found ament_lint_auto: 0.12.11 (/opt/ros/humble/share/ament_lint_auto/cmake)
[49.269s] -- Added test 'copyright' to check source files copyright and LICENSE
[49.272s] -- Added test 'cppcheck' to perform static code analysis on C / C++ code
[49.272s] -- Configured cppcheck include dirs: /home/aashini/quadra/src/gazebo_ros2_control/gazebo_ros2_control/include
[49.272s] -- Configured cppcheck exclude dirs and/or files: 
[49.273s] -- Added test 'cpplint' to check C / C++ code against the Google style
[49.273s] -- Configured cpplint exclude dirs and/or files: 
[49.274s] -- Added test 'lint_cmake' to check CMake code style
[49.276s] -- Added test 'uncrustify' to check C / C++ code style
[49.276s] -- Configured uncrustify additional arguments: 
[49.276s] -- Added test 'xmllint' to check XML markup files
[49.284s] -- Configuring done
[49.703s] -- Generating done
[49.714s] -- Build files have been written to: /home/aashini/quadra/build/gazebo_ros2_control
[49.731s] Invoked command in '/home/aashini/quadra/build/gazebo_ros2_control' returned '0': CMAKE_PREFIX_PATH=${CMAKE_PREFIX_PATH}:/opt/ros/humble /usr/bin/cmake /home/aashini/quadra/src/gazebo_ros2_control/gazebo_ros2_control -DCMAKE_INSTALL_PREFIX=/home/aashini/quadra/install/gazebo_ros2_control
[49.735s] Invoking command in '/home/aashini/quadra/build/gazebo_ros2_control': CMAKE_PREFIX_PATH=${CMAKE_PREFIX_PATH}:/opt/ros/humble /usr/bin/cmake --build /home/aashini/quadra/build/gazebo_ros2_control -- -j16 -l16
[49.897s] [35m[1mConsolidate compiler generated dependencies of target gazebo_ros2_control[0m
[49.899s] [35m[1mConsolidate compiler generated dependencies of target gazebo_hardware_plugins[0m
[50.044s] [ 50%] Built target gazebo_hardware_plugins
[50.049s] [100%] Built target gazebo_ros2_control
[50.059s] Invoked command in '/home/aashini/quadra/build/gazebo_ros2_control' returned '0': CMAKE_PREFIX_PATH=${CMAKE_PREFIX_PATH}:/opt/ros/humble /usr/bin/cmake --build /home/aashini/quadra/build/gazebo_ros2_control -- -j16 -l16
[50.069s] Invoking command in '/home/aashini/quadra/build/gazebo_ros2_control': CMAKE_PREFIX_PATH=${CMAKE_PREFIX_PATH}:/opt/ros/humble /usr/bin/cmake --install /home/aashini/quadra/build/gazebo_ros2_control
[50.076s] -- Install configuration: ""
[50.076s] -- Execute custom install script
[50.077s] -- Up-to-date symlink: /home/aashini/quadra/install/gazebo_ros2_control/lib/libgazebo_ros2_control.so
[50.078s] -- Up-to-date symlink: /home/aashini/quadra/install/gazebo_ros2_control/lib/libgazebo_hardware_plugins.so
[50.079s] -- Up-to-date symlink: /home/aashini/quadra/install/gazebo_ros2_control/share/gazebo_ros2_control/environment/library_path.sh
[50.079s] -- Up-to-date symlink: /home/aashini/quadra/install/gazebo_ros2_control/share/gazebo_ros2_control/environment/library_path.dsv
[50.081s] -- Up-to-date symlink: /home/aashini/quadra/install/gazebo_ros2_control/include/gazebo_ros2_control/gazebo_ros2_control_plugin.hpp
[50.082s] -- Up-to-date symlink: /home/aashini/quadra/install/gazebo_ros2_control/include/gazebo_ros2_control/gazebo_system.hpp
[50.082s] -- Up-to-date symlink: /home/aashini/quadra/install/gazebo_ros2_control/include/gazebo_ros2_control/gazebo_system_interface.hpp
[50.083s] -- Up-to-date symlink: /home/aashini/quadra/install/gazebo_ros2_control/share/gazebo_ros2_control//gazebo_hardware_plugins.xml
[50.085s] -- Up-to-date symlink: /home/aashini/quadra/install/gazebo_ros2_control/share/ament_index/resource_index/package_run_dependencies/gazebo_ros2_control
[50.086s] -- Up-to-date symlink: /home/aashini/quadra/install/gazebo_ros2_control/share/ament_index/resource_index/parent_prefix_path/gazebo_ros2_control
[50.087s] -- Up-to-date symlink: /home/aashini/quadra/install/gazebo_ros2_control/share/gazebo_ros2_control/environment/ament_prefix_path.sh
[50.088s] -- Up-to-date symlink: /home/aashini/quadra/install/gazebo_ros2_control/share/gazebo_ros2_control/environment/ament_prefix_path.dsv
[50.088s] -- Up-to-date symlink: /home/aashini/quadra/install/gazebo_ros2_control/share/gazebo_ros2_control/environment/path.sh
[50.089s] -- Up-to-date symlink: /home/aashini/quadra/install/gazebo_ros2_control/share/gazebo_ros2_control/environment/path.dsv
[50.090s] -- Up-to-date symlink: /home/aashini/quadra/install/gazebo_ros2_control/share/gazebo_ros2_control/local_setup.bash
[50.091s] -- Up-to-date symlink: /home/aashini/quadra/install/gazebo_ros2_control/share/gazebo_ros2_control/local_setup.sh
[50.091s] -- Up-to-date symlink: /home/aashini/quadra/install/gazebo_ros2_control/share/gazebo_ros2_control/local_setup.zsh
[50.092s] -- Up-to-date symlink: /home/aashini/quadra/install/gazebo_ros2_control/share/gazebo_ros2_control/local_setup.dsv
[50.092s] -- Symlinking: /home/aashini/quadra/install/gazebo_ros2_control/share/gazebo_ros2_control/package.dsv
[50.102s] -- Up-to-date symlink: /home/aashini/quadra/install/gazebo_ros2_control/share/ament_index/resource_index/packages/gazebo_ros2_control
[50.104s] -- Up-to-date symlink: /home/aashini/quadra/install/gazebo_ros2_control/share/ament_index/resource_index/gazebo_ros2_control__pluginlib__plugin/gazebo_ros2_control
[50.105s] -- Up-to-date symlink: /home/aashini/quadra/install/gazebo_ros2_control/share/gazebo_ros2_control/cmake/ament_cmake_export_include_directories-extras.cmake
[50.106s] -- Up-to-date symlink: /home/aashini/quadra/install/gazebo_ros2_control/share/gazebo_ros2_control/cmake/ament_cmake_export_dependencies-extras.cmake
[50.107s] -- Up-to-date symlink: /home/aashini/quadra/install/gazebo_ros2_control/share/gazebo_ros2_control/cmake/ament_cmake_export_libraries-extras.cmake
[50.108s] -- Up-to-date symlink: /home/aashini/quadra/install/gazebo_ros2_control/share/gazebo_ros2_control/cmake/gazebo_ros2_controlConfig.cmake
[50.109s] -- Up-to-date symlink: /home/aashini/quadra/install/gazebo_ros2_control/share/gazebo_ros2_control/cmake/gazebo_ros2_controlConfig-version.cmake
[50.109s] -- Up-to-date symlink: /home/aashini/quadra/install/gazebo_ros2_control/share/gazebo_ros2_control/package.xml
[50.113s] Invoked command in '/home/aashini/quadra/build/gazebo_ros2_control' returned '0': CMAKE_PREFIX_PATH=${CMAKE_PREFIX_PATH}:/opt/ros/humble /usr/bin/cmake --install /home/aashini/quadra/build/gazebo_ros2_control
