[0.171s] DEBUG:colcon:Command line arguments: ['/home/aashini/.local/bin/colcon', 'build', '--packages-select', 'gazebo_ros2_control', 'unitree']
[0.171s] DEBUG:colcon:Parsed command line arguments: Namespace(log_base=None, log_level=None, verb_name='build', build_base='build', install_base='install', merge_install=False, symlink_install=False, test_result_base=None, continue_on_error=False, executor='parallel', parallel_workers=16, event_handlers=None, ignore_user_meta=False, metas=['./colcon.meta'], base_paths=['.'], packages_ignore=None, packages_ignore_regex=None, paths=None, packages_up_to=None, packages_up_to_regex=None, packages_above=None, packages_above_and_dependencies=None, packages_above_depth=None, packages_select_by_dep=None, packages_skip_by_dep=None, packages_skip_up_to=None, packages_select_build_failed=False, packages_skip_build_finished=False, packages_select_test_failures=False, packages_skip_test_passed=False, packages_select=['gazebo_ros2_control', 'unitree'], packages_skip=None, packages_select_regex=None, packages_skip_regex=None, packages_start=None, packages_end=None, cmake_args=None, cmake_target=None, cmake_target_skip_unavailable=False, cmake_clean_cache=False, cmake_clean_first=False, cmake_force_configure=False, ament_cmake_args=None, catkin_cmake_args=None, catkin_skip_building_tests=False, verb_parser=<colcon_defaults.argument_parser.defaults.DefaultArgumentsDecorator object at 0x7f8c2275ef20>, verb_extension=<colcon_core.verb.build.BuildVerb object at 0x7f8c2275e9b0>, main=<bound method BuildVerb.main of <colcon_core.verb.build.BuildVerb object at 0x7f8c2275e9b0>>)
[0.271s] Level 1:colcon.colcon_core.package_discovery:discover_packages(colcon_meta) check parameters
[0.271s] Level 1:colcon.colcon_core.package_discovery:discover_packages(recursive) check parameters
[0.271s] Level 1:colcon.colcon_core.package_discovery:discover_packages(ignore) check parameters
[0.271s] Level 1:colcon.colcon_core.package_discovery:discover_packages(path) check parameters
[0.271s] Level 1:colcon.colcon_core.package_discovery:discover_packages(colcon_meta) discover
[0.271s] Level 1:colcon.colcon_core.package_discovery:discover_packages(recursive) discover
[0.271s] INFO:colcon.colcon_core.package_discovery:Crawling recursively for packages in '/home/aashini/quadra'
[0.271s] Level 1:colcon.colcon_core.package_identification:_identify(.) by extensions ['ignore', 'ignore_ament_install']
[0.271s] Level 1:colcon.colcon_core.package_identification:_identify(.) by extension 'ignore'
[0.271s] Level 1:colcon.colcon_core.package_identification:_identify(.) by extension 'ignore_ament_install'
[0.271s] Level 1:colcon.colcon_core.package_identification:_identify(.) by extensions ['colcon_pkg']
[0.271s] Level 1:colcon.colcon_core.package_identification:_identify(.) by extension 'colcon_pkg'
[0.271s] Level 1:colcon.colcon_core.package_identification:_identify(.) by extensions ['colcon_meta']
[0.271s] Level 1:colcon.colcon_core.package_identification:_identify(.) by extension 'colcon_meta'
[0.271s] Level 1:colcon.colcon_core.package_identification:_identify(.) by extensions ['ros']
[0.271s] Level 1:colcon.colcon_core.package_identification:_identify(.) by extension 'ros'
[0.279s] Level 1:colcon.colcon_core.package_identification:_identify(.) by extensions ['cmake', 'python']
[0.279s] Level 1:colcon.colcon_core.package_identification:_identify(.) by extension 'cmake'
[0.279s] Level 1:colcon.colcon_core.package_identification:_identify(.) by extension 'python'
[0.279s] Level 1:colcon.colcon_core.package_identification:_identify(.) by extensions ['python_setup_py']
[0.279s] Level 1:colcon.colcon_core.package_identification:_identify(.) by extension 'python_setup_py'
[0.279s] Level 1:colcon.colcon_core.package_identification:_identify(build) by extensions ['ignore', 'ignore_ament_install']
[0.279s] Level 1:colcon.colcon_core.package_identification:_identify(build) by extension 'ignore'
[0.279s] Level 1:colcon.colcon_core.package_identification:_identify(build) ignored
[0.279s] Level 1:colcon.colcon_core.package_identification:_identify(install) by extensions ['ignore', 'ignore_ament_install']
[0.279s] Level 1:colcon.colcon_core.package_identification:_identify(install) by extension 'ignore'
[0.279s] Level 1:colcon.colcon_core.package_identification:_identify(install) ignored
[0.279s] Level 1:colcon.colcon_core.package_identification:_identify(log) by extensions ['ignore', 'ignore_ament_install']
[0.280s] Level 1:colcon.colcon_core.package_identification:_identify(log) by extension 'ignore'
[0.280s] Level 1:colcon.colcon_core.package_identification:_identify(log) ignored
[0.280s] Level 1:colcon.colcon_core.package_identification:_identify(src) by extensions ['ignore', 'ignore_ament_install']
[0.280s] Level 1:colcon.colcon_core.package_identification:_identify(src) by extension 'ignore'
[0.280s] Level 1:colcon.colcon_core.package_identification:_identify(src) by extension 'ignore_ament_install'
[0.280s] Level 1:colcon.colcon_core.package_identification:_identify(src) by extensions ['colcon_pkg']
[0.280s] Level 1:colcon.colcon_core.package_identification:_identify(src) by extension 'colcon_pkg'
[0.280s] Level 1:colcon.colcon_core.package_identification:_identify(src) by extensions ['colcon_meta']
[0.280s] Level 1:colcon.colcon_core.package_identification:_identify(src) by extension 'colcon_meta'
[0.280s] Level 1:colcon.colcon_core.package_identification:_identify(src) by extensions ['ros']
[0.280s] Level 1:colcon.colcon_core.package_identification:_identify(src) by extension 'ros'
[0.280s] Level 1:colcon.colcon_core.package_identification:_identify(src) by extensions ['cmake', 'python']
[0.280s] Level 1:colcon.colcon_core.package_identification:_identify(src) by extension 'cmake'
[0.280s] Level 1:colcon.colcon_core.package_identification:_identify(src) by extension 'python'
[0.280s] Level 1:colcon.colcon_core.package_identification:_identify(src) by extensions ['python_setup_py']
[0.280s] Level 1:colcon.colcon_core.package_identification:_identify(src) by extension 'python_setup_py'
[0.280s] Level 1:colcon.colcon_core.package_identification:_identify(src/gazebo_ros2_control) by extensions ['ignore', 'ignore_ament_install']
[0.280s] Level 1:colcon.colcon_core.package_identification:_identify(src/gazebo_ros2_control) by extension 'ignore'
[0.280s] Level 1:colcon.colcon_core.package_identification:_identify(src/gazebo_ros2_control) by extension 'ignore_ament_install'
[0.280s] Level 1:colcon.colcon_core.package_identification:_identify(src/gazebo_ros2_control) by extensions ['colcon_pkg']
[0.280s] Level 1:colcon.colcon_core.package_identification:_identify(src/gazebo_ros2_control) by extension 'colcon_pkg'
[0.280s] Level 1:colcon.colcon_core.package_identification:_identify(src/gazebo_ros2_control) by extensions ['colcon_meta']
[0.280s] Level 1:colcon.colcon_core.package_identification:_identify(src/gazebo_ros2_control) by extension 'colcon_meta'
[0.280s] Level 1:colcon.colcon_core.package_identification:_identify(src/gazebo_ros2_control) by extensions ['ros']
[0.280s] Level 1:colcon.colcon_core.package_identification:_identify(src/gazebo_ros2_control) by extension 'ros'
[0.280s] Level 1:colcon.colcon_core.package_identification:_identify(src/gazebo_ros2_control) by extensions ['cmake', 'python']
[0.280s] Level 1:colcon.colcon_core.package_identification:_identify(src/gazebo_ros2_control) by extension 'cmake'
[0.280s] Level 1:colcon.colcon_core.package_identification:_identify(src/gazebo_ros2_control) by extension 'python'
[0.280s] Level 1:colcon.colcon_core.package_identification:_identify(src/gazebo_ros2_control) by extensions ['python_setup_py']
[0.280s] Level 1:colcon.colcon_core.package_identification:_identify(src/gazebo_ros2_control) by extension 'python_setup_py'
[0.280s] Level 1:colcon.colcon_core.package_identification:_identify(src/gazebo_ros2_control/Docker) by extensions ['ignore', 'ignore_ament_install']
[0.280s] Level 1:colcon.colcon_core.package_identification:_identify(src/gazebo_ros2_control/Docker) by extension 'ignore'
[0.280s] Level 1:colcon.colcon_core.package_identification:_identify(src/gazebo_ros2_control/Docker) by extension 'ignore_ament_install'
[0.280s] Level 1:colcon.colcon_core.package_identification:_identify(src/gazebo_ros2_control/Docker) by extensions ['colcon_pkg']
[0.280s] Level 1:colcon.colcon_core.package_identification:_identify(src/gazebo_ros2_control/Docker) by extension 'colcon_pkg'
[0.281s] Level 1:colcon.colcon_core.package_identification:_identify(src/gazebo_ros2_control/Docker) by extensions ['colcon_meta']
[0.281s] Level 1:colcon.colcon_core.package_identification:_identify(src/gazebo_ros2_control/Docker) by extension 'colcon_meta'
[0.281s] Level 1:colcon.colcon_core.package_identification:_identify(src/gazebo_ros2_control/Docker) by extensions ['ros']
[0.281s] Level 1:colcon.colcon_core.package_identification:_identify(src/gazebo_ros2_control/Docker) by extension 'ros'
[0.281s] Level 1:colcon.colcon_core.package_identification:_identify(src/gazebo_ros2_control/Docker) by extensions ['cmake', 'python']
[0.281s] Level 1:colcon.colcon_core.package_identification:_identify(src/gazebo_ros2_control/Docker) by extension 'cmake'
[0.281s] Level 1:colcon.colcon_core.package_identification:_identify(src/gazebo_ros2_control/Docker) by extension 'python'
[0.281s] Level 1:colcon.colcon_core.package_identification:_identify(src/gazebo_ros2_control/Docker) by extensions ['python_setup_py']
[0.281s] Level 1:colcon.colcon_core.package_identification:_identify(src/gazebo_ros2_control/Docker) by extension 'python_setup_py'
[0.281s] Level 1:colcon.colcon_core.package_identification:_identify(src/gazebo_ros2_control/doc) by extensions ['ignore', 'ignore_ament_install']
[0.281s] Level 1:colcon.colcon_core.package_identification:_identify(src/gazebo_ros2_control/doc) by extension 'ignore'
[0.281s] Level 1:colcon.colcon_core.package_identification:_identify(src/gazebo_ros2_control/doc) by extension 'ignore_ament_install'
[0.281s] Level 1:colcon.colcon_core.package_identification:_identify(src/gazebo_ros2_control/doc) by extensions ['colcon_pkg']
[0.281s] Level 1:colcon.colcon_core.package_identification:_identify(src/gazebo_ros2_control/doc) by extension 'colcon_pkg'
[0.281s] Level 1:colcon.colcon_core.package_identification:_identify(src/gazebo_ros2_control/doc) by extensions ['colcon_meta']
[0.281s] Level 1:colcon.colcon_core.package_identification:_identify(src/gazebo_ros2_control/doc) by extension 'colcon_meta'
[0.281s] Level 1:colcon.colcon_core.package_identification:_identify(src/gazebo_ros2_control/doc) by extensions ['ros']
[0.281s] Level 1:colcon.colcon_core.package_identification:_identify(src/gazebo_ros2_control/doc) by extension 'ros'
[0.281s] Level 1:colcon.colcon_core.package_identification:_identify(src/gazebo_ros2_control/doc) by extensions ['cmake', 'python']
[0.281s] Level 1:colcon.colcon_core.package_identification:_identify(src/gazebo_ros2_control/doc) by extension 'cmake'
[0.281s] Level 1:colcon.colcon_core.package_identification:_identify(src/gazebo_ros2_control/doc) by extension 'python'
[0.281s] Level 1:colcon.colcon_core.package_identification:_identify(src/gazebo_ros2_control/doc) by extensions ['python_setup_py']
[0.281s] Level 1:colcon.colcon_core.package_identification:_identify(src/gazebo_ros2_control/doc) by extension 'python_setup_py'
[0.281s] Level 1:colcon.colcon_core.package_identification:_identify(src/gazebo_ros2_control/doc/img) by extensions ['ignore', 'ignore_ament_install']
[0.281s] Level 1:colcon.colcon_core.package_identification:_identify(src/gazebo_ros2_control/doc/img) by extension 'ignore'
[0.281s] Level 1:colcon.colcon_core.package_identification:_identify(src/gazebo_ros2_control/doc/img) by extension 'ignore_ament_install'
[0.281s] Level 1:colcon.colcon_core.package_identification:_identify(src/gazebo_ros2_control/doc/img) by extensions ['colcon_pkg']
[0.281s] Level 1:colcon.colcon_core.package_identification:_identify(src/gazebo_ros2_control/doc/img) by extension 'colcon_pkg'
[0.281s] Level 1:colcon.colcon_core.package_identification:_identify(src/gazebo_ros2_control/doc/img) by extensions ['colcon_meta']
[0.281s] Level 1:colcon.colcon_core.package_identification:_identify(src/gazebo_ros2_control/doc/img) by extension 'colcon_meta'
[0.281s] Level 1:colcon.colcon_core.package_identification:_identify(src/gazebo_ros2_control/doc/img) by extensions ['ros']
[0.281s] Level 1:colcon.colcon_core.package_identification:_identify(src/gazebo_ros2_control/doc/img) by extension 'ros'
[0.281s] Level 1:colcon.colcon_core.package_identification:_identify(src/gazebo_ros2_control/doc/img) by extensions ['cmake', 'python']
[0.281s] Level 1:colcon.colcon_core.package_identification:_identify(src/gazebo_ros2_control/doc/img) by extension 'cmake'
[0.281s] Level 1:colcon.colcon_core.package_identification:_identify(src/gazebo_ros2_control/doc/img) by extension 'python'
[0.281s] Level 1:colcon.colcon_core.package_identification:_identify(src/gazebo_ros2_control/doc/img) by extensions ['python_setup_py']
[0.281s] Level 1:colcon.colcon_core.package_identification:_identify(src/gazebo_ros2_control/doc/img) by extension 'python_setup_py'
[0.282s] Level 1:colcon.colcon_core.package_identification:_identify(src/gazebo_ros2_control/gazebo_ros2_control) by extensions ['ignore', 'ignore_ament_install']
[0.282s] Level 1:colcon.colcon_core.package_identification:_identify(src/gazebo_ros2_control/gazebo_ros2_control) by extension 'ignore'
[0.282s] Level 1:colcon.colcon_core.package_identification:_identify(src/gazebo_ros2_control/gazebo_ros2_control) by extension 'ignore_ament_install'
[0.282s] Level 1:colcon.colcon_core.package_identification:_identify(src/gazebo_ros2_control/gazebo_ros2_control) by extensions ['colcon_pkg']
[0.282s] Level 1:colcon.colcon_core.package_identification:_identify(src/gazebo_ros2_control/gazebo_ros2_control) by extension 'colcon_pkg'
[0.282s] Level 1:colcon.colcon_core.package_identification:_identify(src/gazebo_ros2_control/gazebo_ros2_control) by extensions ['colcon_meta']
[0.282s] Level 1:colcon.colcon_core.package_identification:_identify(src/gazebo_ros2_control/gazebo_ros2_control) by extension 'colcon_meta'
[0.282s] Level 1:colcon.colcon_core.package_identification:_identify(src/gazebo_ros2_control/gazebo_ros2_control) by extensions ['ros']
[0.282s] Level 1:colcon.colcon_core.package_identification:_identify(src/gazebo_ros2_control/gazebo_ros2_control) by extension 'ros'
[0.284s] DEBUG:colcon.colcon_core.package_identification:Package 'src/gazebo_ros2_control/gazebo_ros2_control' with type 'ros.ament_cmake' and name 'gazebo_ros2_control'
[0.284s] Level 1:colcon.colcon_core.package_identification:_identify(src/gazebo_ros2_control/gazebo_ros2_control_demos) by extensions ['ignore', 'ignore_ament_install']
[0.284s] Level 1:colcon.colcon_core.package_identification:_identify(src/gazebo_ros2_control/gazebo_ros2_control_demos) by extension 'ignore'
[0.284s] Level 1:colcon.colcon_core.package_identification:_identify(src/gazebo_ros2_control/gazebo_ros2_control_demos) by extension 'ignore_ament_install'
[0.284s] Level 1:colcon.colcon_core.package_identification:_identify(src/gazebo_ros2_control/gazebo_ros2_control_demos) by extensions ['colcon_pkg']
[0.284s] Level 1:colcon.colcon_core.package_identification:_identify(src/gazebo_ros2_control/gazebo_ros2_control_demos) by extension 'colcon_pkg'
[0.284s] Level 1:colcon.colcon_core.package_identification:_identify(src/gazebo_ros2_control/gazebo_ros2_control_demos) by extensions ['colcon_meta']
[0.284s] Level 1:colcon.colcon_core.package_identification:_identify(src/gazebo_ros2_control/gazebo_ros2_control_demos) by extension 'colcon_meta'
[0.284s] Level 1:colcon.colcon_core.package_identification:_identify(src/gazebo_ros2_control/gazebo_ros2_control_demos) by extensions ['ros']
[0.284s] Level 1:colcon.colcon_core.package_identification:_identify(src/gazebo_ros2_control/gazebo_ros2_control_demos) by extension 'ros'
[0.284s] DEBUG:colcon.colcon_core.package_identification:Package 'src/gazebo_ros2_control/gazebo_ros2_control_demos' with type 'ros.ament_cmake' and name 'gazebo_ros2_control_demos'
[0.285s] Level 1:colcon.colcon_core.package_identification:_identify(src/unitree) by extensions ['ignore', 'ignore_ament_install']
[0.285s] Level 1:colcon.colcon_core.package_identification:_identify(src/unitree) by extension 'ignore'
[0.285s] Level 1:colcon.colcon_core.package_identification:_identify(src/unitree) by extension 'ignore_ament_install'
[0.285s] Level 1:colcon.colcon_core.package_identification:_identify(src/unitree) by extensions ['colcon_pkg']
[0.285s] Level 1:colcon.colcon_core.package_identification:_identify(src/unitree) by extension 'colcon_pkg'
[0.285s] Level 1:colcon.colcon_core.package_identification:_identify(src/unitree) by extensions ['colcon_meta']
[0.285s] Level 1:colcon.colcon_core.package_identification:_identify(src/unitree) by extension 'colcon_meta'
[0.285s] Level 1:colcon.colcon_core.package_identification:_identify(src/unitree) by extensions ['ros']
[0.285s] Level 1:colcon.colcon_core.package_identification:_identify(src/unitree) by extension 'ros'
[0.286s] DEBUG:colcon.colcon_core.package_identification:Package 'src/unitree' with type 'ros.ament_cmake' and name 'unitree'
[0.286s] Level 1:colcon.colcon_core.package_discovery:discover_packages(recursive) using defaults
[0.286s] Level 1:colcon.colcon_core.package_discovery:discover_packages(ignore) discover
[0.286s] Level 1:colcon.colcon_core.package_discovery:discover_packages(ignore) using defaults
[0.286s] Level 1:colcon.colcon_core.package_discovery:discover_packages(path) discover
[0.286s] Level 1:colcon.colcon_core.package_discovery:discover_packages(path) using defaults
[0.298s] INFO:colcon.colcon_core.package_selection:Skipping not selected package 'gazebo_ros2_control_demos' in 'src/gazebo_ros2_control/gazebo_ros2_control_demos'
[0.299s] Level 5:colcon.colcon_core.verb:set package 'gazebo_ros2_control' build argument 'cmake_args' from command line to 'None'
[0.299s] Level 5:colcon.colcon_core.verb:set package 'gazebo_ros2_control' build argument 'cmake_target' from command line to 'None'
[0.299s] Level 5:colcon.colcon_core.verb:set package 'gazebo_ros2_control' build argument 'cmake_target_skip_unavailable' from command line to 'False'
[0.299s] Level 5:colcon.colcon_core.verb:set package 'gazebo_ros2_control' build argument 'cmake_clean_cache' from command line to 'False'
[0.299s] Level 5:colcon.colcon_core.verb:set package 'gazebo_ros2_control' build argument 'cmake_clean_first' from command line to 'False'
[0.299s] Level 5:colcon.colcon_core.verb:set package 'gazebo_ros2_control' build argument 'cmake_force_configure' from command line to 'False'
[0.299s] Level 5:colcon.colcon_core.verb:set package 'gazebo_ros2_control' build argument 'ament_cmake_args' from command line to 'None'
[0.299s] Level 5:colcon.colcon_core.verb:set package 'gazebo_ros2_control' build argument 'catkin_cmake_args' from command line to 'None'
[0.299s] Level 5:colcon.colcon_core.verb:set package 'gazebo_ros2_control' build argument 'catkin_skip_building_tests' from command line to 'False'
[0.299s] DEBUG:colcon.colcon_core.verb:Building package 'gazebo_ros2_control' with the following arguments: {'ament_cmake_args': None, 'build_base': '/home/aashini/quadra/build/gazebo_ros2_control', 'catkin_cmake_args': None, 'catkin_skip_building_tests': False, 'cmake_args': None, 'cmake_clean_cache': False, 'cmake_clean_first': False, 'cmake_force_configure': False, 'cmake_target': None, 'cmake_target_skip_unavailable': False, 'install_base': '/home/aashini/quadra/install/gazebo_ros2_control', 'merge_install': False, 'path': '/home/aashini/quadra/src/gazebo_ros2_control/gazebo_ros2_control', 'symlink_install': False, 'test_result_base': None}
[0.299s] Level 5:colcon.colcon_core.verb:set package 'unitree' build argument 'cmake_args' from command line to 'None'
[0.299s] Level 5:colcon.colcon_core.verb:set package 'unitree' build argument 'cmake_target' from command line to 'None'
[0.299s] Level 5:colcon.colcon_core.verb:set package 'unitree' build argument 'cmake_target_skip_unavailable' from command line to 'False'
[0.299s] Level 5:colcon.colcon_core.verb:set package 'unitree' build argument 'cmake_clean_cache' from command line to 'False'
[0.299s] Level 5:colcon.colcon_core.verb:set package 'unitree' build argument 'cmake_clean_first' from command line to 'False'
[0.299s] Level 5:colcon.colcon_core.verb:set package 'unitree' build argument 'cmake_force_configure' from command line to 'False'
[0.299s] Level 5:colcon.colcon_core.verb:set package 'unitree' build argument 'ament_cmake_args' from command line to 'None'
[0.299s] Level 5:colcon.colcon_core.verb:set package 'unitree' build argument 'catkin_cmake_args' from command line to 'None'
[0.299s] Level 5:colcon.colcon_core.verb:set package 'unitree' build argument 'catkin_skip_building_tests' from command line to 'False'
[0.299s] DEBUG:colcon.colcon_core.verb:Building package 'unitree' with the following arguments: {'ament_cmake_args': None, 'build_base': '/home/aashini/quadra/build/unitree', 'catkin_cmake_args': None, 'catkin_skip_building_tests': False, 'cmake_args': None, 'cmake_clean_cache': False, 'cmake_clean_first': False, 'cmake_force_configure': False, 'cmake_target': None, 'cmake_target_skip_unavailable': False, 'install_base': '/home/aashini/quadra/install/unitree', 'merge_install': False, 'path': '/home/aashini/quadra/src/unitree', 'symlink_install': False, 'test_result_base': None}
[0.299s] INFO:colcon.colcon_core.executor:Executing jobs using 'parallel' executor
[0.300s] DEBUG:colcon.colcon_parallel_executor.executor.parallel:run_until_complete
[0.300s] INFO:colcon.colcon_ros.task.ament_cmake.build:Building ROS package in '/home/aashini/quadra/src/gazebo_ros2_control/gazebo_ros2_control' with build type 'ament_cmake'
[0.300s] INFO:colcon.colcon_cmake.task.cmake.build:Building CMake package in '/home/aashini/quadra/src/gazebo_ros2_control/gazebo_ros2_control'
[0.302s] INFO:colcon.colcon_core.plugin_system:Skipping extension 'colcon_core.shell.bat': Not used on non-Windows systems
[0.302s] INFO:colcon.colcon_core.shell:Skip shell extension 'powershell' for command environment: Not usable outside of PowerShell
[0.302s] DEBUG:colcon.colcon_core.shell:Skip shell extension 'dsv' for command environment
[0.309s] DEBUG:colcon.colcon_core.event_handler.log_command:Invoking command in '/home/aashini/quadra/build/gazebo_ros2_control': CMAKE_PREFIX_PATH=${CMAKE_PREFIX_PATH}:/opt/ros/humble /usr/bin/cmake /home/aashini/quadra/src/gazebo_ros2_control/gazebo_ros2_control -DCMAKE_INSTALL_PREFIX=/home/aashini/quadra/install/gazebo_ros2_control
[34.885s] DEBUG:colcon.colcon_core.event_handler.log_command:Invoked command in '/home/aashini/quadra/build/gazebo_ros2_control' returned '0': CMAKE_PREFIX_PATH=${CMAKE_PREFIX_PATH}:/opt/ros/humble /usr/bin/cmake /home/aashini/quadra/src/gazebo_ros2_control/gazebo_ros2_control -DCMAKE_INSTALL_PREFIX=/home/aashini/quadra/install/gazebo_ros2_control
[34.885s] DEBUG:colcon.colcon_core.event_handler.log_command:Invoking command in '/home/aashini/quadra/build/gazebo_ros2_control': CMAKE_PREFIX_PATH=${CMAKE_PREFIX_PATH}:/opt/ros/humble /usr/bin/cmake --build /home/aashini/quadra/build/gazebo_ros2_control -- -j16 -l16
[48.310s] DEBUG:colcon.colcon_core.event_handler.log_command:Invoked command in '/home/aashini/quadra/build/gazebo_ros2_control' returned '0': CMAKE_PREFIX_PATH=${CMAKE_PREFIX_PATH}:/opt/ros/humble /usr/bin/cmake --build /home/aashini/quadra/build/gazebo_ros2_control -- -j16 -l16
[48.317s] DEBUG:colcon.colcon_core.event_handler.log_command:Invoking command in '/home/aashini/quadra/build/gazebo_ros2_control': CMAKE_PREFIX_PATH=${CMAKE_PREFIX_PATH}:/opt/ros/humble /usr/bin/cmake --install /home/aashini/quadra/build/gazebo_ros2_control
[48.329s] Level 1:colcon.colcon_core.environment:create_environment_scripts_only(gazebo_ros2_control)
[48.330s] DEBUG:colcon.colcon_core.event_handler.log_command:Invoked command in '/home/aashini/quadra/build/gazebo_ros2_control' returned '0': CMAKE_PREFIX_PATH=${CMAKE_PREFIX_PATH}:/opt/ros/humble /usr/bin/cmake --install /home/aashini/quadra/build/gazebo_ros2_control
[48.331s] Level 1:colcon.colcon_core.environment:checking '/home/aashini/quadra/install/gazebo_ros2_control' for CMake module files
[48.332s] Level 1:colcon.colcon_core.environment:checking '/home/aashini/quadra/install/gazebo_ros2_control' for CMake config files
[48.332s] Level 1:colcon.colcon_core.shell:create_environment_hook('gazebo_ros2_control', 'cmake_prefix_path')
[48.332s] INFO:colcon.colcon_core.shell:Creating environment hook '/home/aashini/quadra/install/gazebo_ros2_control/share/gazebo_ros2_control/hook/cmake_prefix_path.ps1'
[48.332s] INFO:colcon.colcon_core.shell:Creating environment descriptor '/home/aashini/quadra/install/gazebo_ros2_control/share/gazebo_ros2_control/hook/cmake_prefix_path.dsv'
[48.333s] INFO:colcon.colcon_core.shell:Creating environment hook '/home/aashini/quadra/install/gazebo_ros2_control/share/gazebo_ros2_control/hook/cmake_prefix_path.sh'
[48.333s] Level 1:colcon.colcon_core.environment:checking '/home/aashini/quadra/install/gazebo_ros2_control/lib'
[48.333s] Level 1:colcon.colcon_core.shell:create_environment_hook('gazebo_ros2_control', 'ld_library_path_lib')
[48.333s] INFO:colcon.colcon_core.shell:Creating environment hook '/home/aashini/quadra/install/gazebo_ros2_control/share/gazebo_ros2_control/hook/ld_library_path_lib.ps1'
[48.334s] INFO:colcon.colcon_core.shell:Creating environment descriptor '/home/aashini/quadra/install/gazebo_ros2_control/share/gazebo_ros2_control/hook/ld_library_path_lib.dsv'
[48.334s] INFO:colcon.colcon_core.shell:Creating environment hook '/home/aashini/quadra/install/gazebo_ros2_control/share/gazebo_ros2_control/hook/ld_library_path_lib.sh'
[48.334s] Level 1:colcon.colcon_core.environment:checking '/home/aashini/quadra/install/gazebo_ros2_control/bin'
[48.334s] Level 1:colcon.colcon_core.environment:checking '/home/aashini/quadra/install/gazebo_ros2_control/lib/pkgconfig/gazebo_ros2_control.pc'
[48.335s] Level 1:colcon.colcon_core.environment:checking '/home/aashini/quadra/install/gazebo_ros2_control/lib/python3.10/site-packages'
[48.335s] Level 1:colcon.colcon_core.environment:checking '/home/aashini/quadra/install/gazebo_ros2_control/bin'
[48.336s] INFO:colcon.colcon_core.shell:Creating package script '/home/aashini/quadra/install/gazebo_ros2_control/share/gazebo_ros2_control/package.ps1'
[48.337s] INFO:colcon.colcon_core.shell:Creating package descriptor '/home/aashini/quadra/install/gazebo_ros2_control/share/gazebo_ros2_control/package.dsv'
[48.337s] INFO:colcon.colcon_core.shell:Creating package script '/home/aashini/quadra/install/gazebo_ros2_control/share/gazebo_ros2_control/package.sh'
[48.338s] INFO:colcon.colcon_core.shell:Creating package script '/home/aashini/quadra/install/gazebo_ros2_control/share/gazebo_ros2_control/package.bash'
[48.338s] INFO:colcon.colcon_core.shell:Creating package script '/home/aashini/quadra/install/gazebo_ros2_control/share/gazebo_ros2_control/package.zsh'
[48.339s] Level 1:colcon.colcon_core.environment:create_file_with_runtime_dependencies(/home/aashini/quadra/install/gazebo_ros2_control/share/colcon-core/packages/gazebo_ros2_control)
[48.340s] Level 1:colcon.colcon_core.environment:create_environment_scripts_only(gazebo_ros2_control)
[48.340s] Level 1:colcon.colcon_core.environment:checking '/home/aashini/quadra/install/gazebo_ros2_control' for CMake module files
[48.340s] Level 1:colcon.colcon_core.environment:checking '/home/aashini/quadra/install/gazebo_ros2_control' for CMake config files
[48.340s] Level 1:colcon.colcon_core.shell:create_environment_hook('gazebo_ros2_control', 'cmake_prefix_path')
[48.340s] INFO:colcon.colcon_core.shell:Creating environment hook '/home/aashini/quadra/install/gazebo_ros2_control/share/gazebo_ros2_control/hook/cmake_prefix_path.ps1'
[48.341s] INFO:colcon.colcon_core.shell:Creating environment descriptor '/home/aashini/quadra/install/gazebo_ros2_control/share/gazebo_ros2_control/hook/cmake_prefix_path.dsv'
[48.341s] INFO:colcon.colcon_core.shell:Creating environment hook '/home/aashini/quadra/install/gazebo_ros2_control/share/gazebo_ros2_control/hook/cmake_prefix_path.sh'
[48.341s] Level 1:colcon.colcon_core.environment:checking '/home/aashini/quadra/install/gazebo_ros2_control/lib'
[48.341s] Level 1:colcon.colcon_core.shell:create_environment_hook('gazebo_ros2_control', 'ld_library_path_lib')
[48.342s] INFO:colcon.colcon_core.shell:Creating environment hook '/home/aashini/quadra/install/gazebo_ros2_control/share/gazebo_ros2_control/hook/ld_library_path_lib.ps1'
[48.342s] INFO:colcon.colcon_core.shell:Creating environment descriptor '/home/aashini/quadra/install/gazebo_ros2_control/share/gazebo_ros2_control/hook/ld_library_path_lib.dsv'
[48.342s] INFO:colcon.colcon_core.shell:Creating environment hook '/home/aashini/quadra/install/gazebo_ros2_control/share/gazebo_ros2_control/hook/ld_library_path_lib.sh'
[48.342s] Level 1:colcon.colcon_core.environment:checking '/home/aashini/quadra/install/gazebo_ros2_control/bin'
[48.342s] Level 1:colcon.colcon_core.environment:checking '/home/aashini/quadra/install/gazebo_ros2_control/lib/pkgconfig/gazebo_ros2_control.pc'
[48.343s] Level 1:colcon.colcon_core.environment:checking '/home/aashini/quadra/install/gazebo_ros2_control/lib/python3.10/site-packages'
[48.343s] Level 1:colcon.colcon_core.environment:checking '/home/aashini/quadra/install/gazebo_ros2_control/bin'
[48.343s] INFO:colcon.colcon_core.shell:Creating package script '/home/aashini/quadra/install/gazebo_ros2_control/share/gazebo_ros2_control/package.ps1'
[48.343s] INFO:colcon.colcon_core.shell:Creating package descriptor '/home/aashini/quadra/install/gazebo_ros2_control/share/gazebo_ros2_control/package.dsv'
[48.343s] INFO:colcon.colcon_core.shell:Creating package script '/home/aashini/quadra/install/gazebo_ros2_control/share/gazebo_ros2_control/package.sh'
[48.344s] INFO:colcon.colcon_core.shell:Creating package script '/home/aashini/quadra/install/gazebo_ros2_control/share/gazebo_ros2_control/package.bash'
[48.344s] INFO:colcon.colcon_core.shell:Creating package script '/home/aashini/quadra/install/gazebo_ros2_control/share/gazebo_ros2_control/package.zsh'
[48.344s] Level 1:colcon.colcon_core.environment:create_file_with_runtime_dependencies(/home/aashini/quadra/install/gazebo_ros2_control/share/colcon-core/packages/gazebo_ros2_control)
[48.345s] INFO:colcon.colcon_ros.task.ament_cmake.build:Building ROS package in '/home/aashini/quadra/src/unitree' with build type 'ament_cmake'
[48.345s] INFO:colcon.colcon_cmake.task.cmake.build:Building CMake package in '/home/aashini/quadra/src/unitree'
[48.345s] INFO:colcon.colcon_core.shell:Skip shell extension 'powershell' for command environment: Not usable outside of PowerShell
[48.345s] DEBUG:colcon.colcon_core.shell:Skip shell extension 'dsv' for command environment
[48.441s] DEBUG:colcon.colcon_core.event_handler.log_command:Invoking command in '/home/aashini/quadra/build/unitree': AMENT_PREFIX_PATH=/home/aashini/quadra/install/gazebo_ros2_control:${AMENT_PREFIX_PATH} CMAKE_PREFIX_PATH=/home/aashini/quadra/install/gazebo_ros2_control:/home/aashini/aash/install:/opt/ros/humble LD_LIBRARY_PATH=/home/aashini/quadra/install/gazebo_ros2_control/lib:${LD_LIBRARY_PATH} /usr/bin/cmake --build /home/aashini/quadra/build/unitree -- -j16 -l16
[48.490s] DEBUG:colcon.colcon_core.event_handler.log_command:Invoked command in '/home/aashini/quadra/build/unitree' returned '0': AMENT_PREFIX_PATH=/home/aashini/quadra/install/gazebo_ros2_control:${AMENT_PREFIX_PATH} CMAKE_PREFIX_PATH=/home/aashini/quadra/install/gazebo_ros2_control:/home/aashini/aash/install:/opt/ros/humble LD_LIBRARY_PATH=/home/aashini/quadra/install/gazebo_ros2_control/lib:${LD_LIBRARY_PATH} /usr/bin/cmake --build /home/aashini/quadra/build/unitree -- -j16 -l16
[48.492s] DEBUG:colcon.colcon_core.event_handler.log_command:Invoking command in '/home/aashini/quadra/build/unitree': AMENT_PREFIX_PATH=/home/aashini/quadra/install/gazebo_ros2_control:${AMENT_PREFIX_PATH} CMAKE_PREFIX_PATH=/home/aashini/quadra/install/gazebo_ros2_control:/home/aashini/aash/install:/opt/ros/humble LD_LIBRARY_PATH=/home/aashini/quadra/install/gazebo_ros2_control/lib:${LD_LIBRARY_PATH} /usr/bin/cmake --install /home/aashini/quadra/build/unitree
[48.499s] Level 1:colcon.colcon_core.environment:create_environment_scripts_only(unitree)
[48.499s] Level 1:colcon.colcon_core.environment:checking '/home/aashini/quadra/install/unitree' for CMake module files
[48.502s] DEBUG:colcon.colcon_core.event_handler.log_command:Invoked command in '/home/aashini/quadra/build/unitree' returned '0': AMENT_PREFIX_PATH=/home/aashini/quadra/install/gazebo_ros2_control:${AMENT_PREFIX_PATH} CMAKE_PREFIX_PATH=/home/aashini/quadra/install/gazebo_ros2_control:/home/aashini/aash/install:/opt/ros/humble LD_LIBRARY_PATH=/home/aashini/quadra/install/gazebo_ros2_control/lib:${LD_LIBRARY_PATH} /usr/bin/cmake --install /home/aashini/quadra/build/unitree
[48.503s] Level 1:colcon.colcon_core.environment:checking '/home/aashini/quadra/install/unitree' for CMake config files
[48.503s] Level 1:colcon.colcon_core.shell:create_environment_hook('unitree', 'cmake_prefix_path')
[48.503s] INFO:colcon.colcon_core.shell:Creating environment hook '/home/aashini/quadra/install/unitree/share/unitree/hook/cmake_prefix_path.ps1'
[48.503s] INFO:colcon.colcon_core.shell:Creating environment descriptor '/home/aashini/quadra/install/unitree/share/unitree/hook/cmake_prefix_path.dsv'
[48.503s] INFO:colcon.colcon_core.shell:Creating environment hook '/home/aashini/quadra/install/unitree/share/unitree/hook/cmake_prefix_path.sh'
[48.504s] Level 1:colcon.colcon_core.environment:checking '/home/aashini/quadra/install/unitree/lib'
[48.504s] Level 1:colcon.colcon_core.environment:checking '/home/aashini/quadra/install/unitree/bin'
[48.504s] Level 1:colcon.colcon_core.environment:checking '/home/aashini/quadra/install/unitree/lib/pkgconfig/unitree.pc'
[48.504s] Level 1:colcon.colcon_core.environment:checking '/home/aashini/quadra/install/unitree/lib/python3.10/site-packages'
[48.504s] Level 1:colcon.colcon_core.environment:checking '/home/aashini/quadra/install/unitree/bin'
[48.504s] INFO:colcon.colcon_core.shell:Creating package script '/home/aashini/quadra/install/unitree/share/unitree/package.ps1'
[48.505s] INFO:colcon.colcon_core.shell:Creating package descriptor '/home/aashini/quadra/install/unitree/share/unitree/package.dsv'
[48.505s] INFO:colcon.colcon_core.shell:Creating package script '/home/aashini/quadra/install/unitree/share/unitree/package.sh'
[48.505s] INFO:colcon.colcon_core.shell:Creating package script '/home/aashini/quadra/install/unitree/share/unitree/package.bash'
[48.505s] INFO:colcon.colcon_core.shell:Creating package script '/home/aashini/quadra/install/unitree/share/unitree/package.zsh'
[48.505s] Level 1:colcon.colcon_core.environment:create_file_with_runtime_dependencies(/home/aashini/quadra/install/unitree/share/colcon-core/packages/unitree)
[48.506s] Level 1:colcon.colcon_core.environment:create_environment_scripts_only(unitree)
[48.506s] Level 1:colcon.colcon_core.environment:checking '/home/aashini/quadra/install/unitree' for CMake module files
[48.506s] Level 1:colcon.colcon_core.environment:checking '/home/aashini/quadra/install/unitree' for CMake config files
[48.506s] Level 1:colcon.colcon_core.shell:create_environment_hook('unitree', 'cmake_prefix_path')
[48.506s] INFO:colcon.colcon_core.shell:Creating environment hook '/home/aashini/quadra/install/unitree/share/unitree/hook/cmake_prefix_path.ps1'
[48.507s] INFO:colcon.colcon_core.shell:Creating environment descriptor '/home/aashini/quadra/install/unitree/share/unitree/hook/cmake_prefix_path.dsv'
[48.507s] INFO:colcon.colcon_core.shell:Creating environment hook '/home/aashini/quadra/install/unitree/share/unitree/hook/cmake_prefix_path.sh'
[48.507s] Level 1:colcon.colcon_core.environment:checking '/home/aashini/quadra/install/unitree/lib'
[48.507s] Level 1:colcon.colcon_core.environment:checking '/home/aashini/quadra/install/unitree/bin'
[48.507s] Level 1:colcon.colcon_core.environment:checking '/home/aashini/quadra/install/unitree/lib/pkgconfig/unitree.pc'
[48.507s] Level 1:colcon.colcon_core.environment:checking '/home/aashini/quadra/install/unitree/lib/python3.10/site-packages'
[48.508s] Level 1:colcon.colcon_core.environment:checking '/home/aashini/quadra/install/unitree/bin'
[48.508s] INFO:colcon.colcon_core.shell:Creating package script '/home/aashini/quadra/install/unitree/share/unitree/package.ps1'
[48.508s] INFO:colcon.colcon_core.shell:Creating package descriptor '/home/aashini/quadra/install/unitree/share/unitree/package.dsv'
[48.508s] INFO:colcon.colcon_core.shell:Creating package script '/home/aashini/quadra/install/unitree/share/unitree/package.sh'
[48.508s] INFO:colcon.colcon_core.shell:Creating package script '/home/aashini/quadra/install/unitree/share/unitree/package.bash'
[48.509s] INFO:colcon.colcon_core.shell:Creating package script '/home/aashini/quadra/install/unitree/share/unitree/package.zsh'
[48.509s] Level 1:colcon.colcon_core.environment:create_file_with_runtime_dependencies(/home/aashini/quadra/install/unitree/share/colcon-core/packages/unitree)
[48.509s] DEBUG:colcon.colcon_parallel_executor.executor.parallel:closing loop
[48.509s] DEBUG:colcon.colcon_parallel_executor.executor.parallel:loop closed
[48.510s] DEBUG:colcon.colcon_parallel_executor.executor.parallel:run_until_complete finished with '0'
[48.510s] DEBUG:colcon.colcon_core.event_reactor:joining thread
[48.567s] INFO:colcon.colcon_core.plugin_system:Skipping extension 'colcon_notification.desktop_notification.notify_send': Could not find 'notify-send'
[48.568s] INFO:colcon.colcon_core.plugin_system:Skipping extension 'colcon_notification.desktop_notification.terminal_notifier': Not used on non-Darwin systems
[48.568s] INFO:colcon.colcon_core.plugin_system:Skipping extension 'colcon_notification.desktop_notification.win32': Not used on non-Windows systems
[48.568s] INFO:colcon.colcon_notification.desktop_notification:Sending desktop notification using 'notify2'
[48.568s] DEBUG:colcon.colcon_notification.desktop_notification.notify2:Failed to initialize notify2: org.freedesktop.DBus.Error.ServiceUnknown: The name org.freedesktop.Notifications was not provided by any .service files
[48.569s] DEBUG:colcon.colcon_core.event_reactor:joined thread
[48.569s] INFO:colcon.colcon_core.shell:Creating prefix script '/home/aashini/quadra/install/local_setup.ps1'
[48.570s] INFO:colcon.colcon_core.shell:Creating prefix util module '/home/aashini/quadra/install/_local_setup_util_ps1.py'
[48.571s] INFO:colcon.colcon_core.shell:Creating prefix chain script '/home/aashini/quadra/install/setup.ps1'
[48.571s] INFO:colcon.colcon_core.shell:Creating prefix script '/home/aashini/quadra/install/local_setup.sh'
[48.572s] INFO:colcon.colcon_core.shell:Creating prefix util module '/home/aashini/quadra/install/_local_setup_util_sh.py'
[48.572s] INFO:colcon.colcon_core.shell:Creating prefix chain script '/home/aashini/quadra/install/setup.sh'
[48.573s] INFO:colcon.colcon_core.shell:Creating prefix script '/home/aashini/quadra/install/local_setup.bash'
[48.573s] INFO:colcon.colcon_core.shell:Creating prefix chain script '/home/aashini/quadra/install/setup.bash'
[48.574s] INFO:colcon.colcon_core.shell:Creating prefix script '/home/aashini/quadra/install/local_setup.zsh'
[48.574s] INFO:colcon.colcon_core.shell:Creating prefix chain script '/home/aashini/quadra/install/setup.zsh'
